#***************************************************************************

#sjplacer

#Version:            1.1

#Build Date:         Sep  9 2019 11:47:43

#File Generated:     Mar 22 2021 12:03:41

#Purpose:            

#Copyright (C) 2010-2011 by Softjin Technologies Pvt Ltd. All rights reserved.

#***************************************************************************

Executing : D:\Cypress\PSoC Creator\4.4\PSoC Creator\bin/sjplacer.exe --proj-name HelloWorldSerial2021 --netlist-vh2 HelloWorldSerial2021_p.vh2 --arch p35_udb4x6 --arch-file D:\Cypress\PSoC Creator\4.4\PSoC Creator\dev\arch/udbdsi_4x6_24.cydata --ip-file D:\Cypress\PSoC Creator\4.4\PSoC Creator\dev\psoc5/psoc5lp/ip_blocks.cydata --rrg-file D:\Cypress\PSoC Creator\4.4\PSoC Creator\dev\psoc5/psoc5lp/route_arch-rrg.cydata --irq-file D:\Cypress\PSoC Creator\4.4\PSoC Creator\dev\psoc5/psoc5lp/irqconn.cydata --drq-file D:\Cypress\PSoC Creator\4.4\PSoC Creator\dev\psoc5/psoc5lp/dmaconn.cydata --dsi-conn-file D:\Cypress\PSoC Creator\4.4\PSoC Creator\dev\psoc5/psoc5lp/dsiconn.cydata --pins-file pins_68-QFN.xml --lib-file HelloWorldSerial2021_p.lib --sdc-file HelloWorldSerial2021.sdc --io-pcf HelloWorldSerial2021.pci --outdir .

		Softjin Techologies Placer, Version 1.1

Build Date : Sep  9 2019	11:45:12

D2004: Option and Settings Summary
=============================================================
Netlist vh2 file          - HelloWorldSerial2021_p.vh2
Architecture file         - D:\Cypress\PSoC Creator\4.4\PSoC Creator\dev\arch/udbdsi_4x6_24.cydata
Package                   - 
Defparam file             - 
SDC file                  - HelloWorldSerial2021.sdc
Output directory          - .
Timing library            - HelloWorldSerial2021_p.lib
IO Placement file         - HelloWorldSerial2021.pci

D2050: Starting reading inputs for placer
=============================================================
D2065: Reading netlist file : "HelloWorldSerial2021_p.vh2"
D2065: Reading arch file : "D:\Cypress\PSoC Creator\4.4\PSoC Creator\dev\arch/udbdsi_4x6_24.cydata"
D2051: Reading of inputs for placer completed successfully

D2053: Starting placement of the design
=============================================================

Phase 2
Phase 3

Design Statistics after Packing
    Number of Combinational MCs 	:	0
    Number of Sequential MCs    	:	4
    Number of DPs               	:	0
    Number of Controls          	:	0
    Number of Status            	:	0
    Number of SyncCells         	:	0
    Number of count7cells       	:	0

Device Utilization Summary after Packing
    Macrocells                  :	4/192
    UDBS                        :	1/24
    IOs                         :	4/72


D2088: Phase 3, elapsed time : 0.0 (sec)

Phase 4
D2088: Phase 4, elapsed time : 0.0 (sec)

Phase 5
D2088: Phase 5, elapsed time : 0.0 (sec)

Phase 6

######################################################################
Placement Timing Summary

The timing summary is based on estimated routing delays after
placement. For final timing report, please carry out the timing
analysis after routing.
======================================================================

######################################################################
                     Clock Summary 
======================================================================
Number of clocks: 6
Clock: Clock_1              | Frequency: 142.8 MHz | Target:   0.0 MHz
Clock: CyBUS_CLK            | Frequency: N/A       | Target:  24.0 MHz
Clock: CyILO                | Frequency: N/A       | Target:   0.1 MHz
Clock: CyIMO                | Frequency: N/A       | Target:  24.0 MHz
Clock: CyMASTER_CLK         | Frequency: N/A       | Target:  24.0 MHz
Clock: CyPLL_OUT            | Frequency: N/A       | Target:  24.0 MHz

======================================================================
                     End of Clock Summary
######################################################################

D2088: Phase 6, elapsed time : 0.0 (sec)

Phase 7
######################################################################
                     Clock Summary 
======================================================================
Number of clocks: 6
Clock: Clock_1              | Frequency: 142.8 MHz | Target:   0.0 MHz
Clock: CyBUS_CLK            | Frequency: N/A       | Target:  24.0 MHz
Clock: CyILO                | Frequency: N/A       | Target:   0.1 MHz
Clock: CyIMO                | Frequency: N/A       | Target:  24.0 MHz
Clock: CyMASTER_CLK         | Frequency: N/A       | Target:  24.0 MHz
Clock: CyPLL_OUT            | Frequency: N/A       | Target:  24.0 MHz

======================================================================
                     End of Clock Summary
######################################################################
D2088: Phase 7, elapsed time : 0.0 (sec)

Final Design Statistics
    Number of Combinational MCs 	:	0
    Number of Sequential MCs    	:	4
    Number of DPs               	:	0
    Number of Controls          	:	0
    Number of Status            	:	0
    Number of SyncCells         	:	0
    Number of count7cells       	:	0
    Number of IOs       	:	4

Device Utilization Summary
    Macrocells                  :	4/192
    IOs                         :	4/72



######################################################################
Placement Timing Summary

The timing summary is based on estimated routing delays after
placement. For final timing report, please carry out the timing
analysis after routing.
======================================================================


######################################################################
                     Clock Summary 
======================================================================
Number of clocks: 6
Clock: Clock_1              | Frequency: 142.8 MHz | Target:   0.0 MHz
Clock: CyBUS_CLK            | Frequency: N/A       | Target:  24.0 MHz
Clock: CyILO                | Frequency: N/A       | Target:   0.1 MHz
Clock: CyIMO                | Frequency: N/A       | Target:  24.0 MHz
Clock: CyMASTER_CLK         | Frequency: N/A       | Target:  24.0 MHz
Clock: CyPLL_OUT            | Frequency: N/A       | Target:  24.0 MHz

======================================================================
                     End of Clock Summary
######################################################################

Phase 8
D2088: Phase 8, elapsed time : 0.0 (sec)

D2054: Placement of the design completed successfully

I2076: Total run-time: 1.1 sec.

