ARM GAS  C:\Users\gusta\AppData\Local\Temp\ccQ0bztc.s 			page 1


   1              		.syntax unified
   2              		.cpu cortex-m3
   3              		.fpu softvfp
   4              		.eabi_attribute 20, 1
   5              		.eabi_attribute 21, 1
   6              		.eabi_attribute 23, 3
   7              		.eabi_attribute 24, 1
   8              		.eabi_attribute 25, 1
   9              		.eabi_attribute 26, 1
  10              		.eabi_attribute 30, 1
  11              		.eabi_attribute 34, 1
  12              		.eabi_attribute 18, 4
  13              		.thumb
  14              		.syntax unified
  15              		.file	"main.c"
  16              		.text
  17              	.Ltext0:
  18              		.cfi_sections	.debug_frame
  19              		.syntax unified
  20              		.global _printf_float
  21              		.thumb
  22              		.syntax unified
  23              		.section	.text.main,"ax",%progbits
  24              		.align	2
  25              		.global	main
  26              		.thumb
  27              		.thumb_func
  28              		.type	main, %function
  29              	main:
  30              	.LFB64:
  31              		.file 1 "main.c"
   1:main.c        **** /* ========================================
   2:main.c        ****  *
   3:main.c        ****  * Copyright YOUR COMPANY, THE YEAR
   4:main.c        ****  * All Rights Reserved
   5:main.c        ****  * UNPUBLISHED, LICENSED SOFTWARE.
   6:main.c        ****  *
   7:main.c        ****  * CONFIDENTIAL AND PROPRIETARY INFORMATION
   8:main.c        ****  * WHICH IS THE PROPERTY OF your company.
   9:main.c        ****  *
  10:main.c        ****  * ========================================
  11:main.c        **** */
  12:main.c        **** #include "project.h"
  13:main.c        **** #include "stdio.h"
  14:main.c        **** 
  15:main.c        **** #if defined (__GNUC__)
  16:main.c        ****     /* Add an explicit reference to the floating point printf library */
  17:main.c        ****     /* to allow usage of the floating point conversion specifiers. */
  18:main.c        ****     /* This is not linked in by default with the newlib-nano library. */
  19:main.c        ****     asm (".global _printf_float");
  20:main.c        **** #endif
  21:main.c        **** 
  22:main.c        **** #define USBFS_DEVICE    (0u)
  23:main.c        **** 
  24:main.c        **** /* The buffer size is equal to the maximum packet size of the IN and OUT bulk
  25:main.c        **** * endpoints.
  26:main.c        **** */
ARM GAS  C:\Users\gusta\AppData\Local\Temp\ccQ0bztc.s 			page 2


  27:main.c        **** #define USBUART_BUFFER_SIZE (64u)
  28:main.c        **** #define LINE_STR_LENGTH     (45u)
  29:main.c        **** char8* parity[] = {"None", "Odd", "Even", "Mark", "Space"};
  30:main.c        **** char8* stop[]   = {"1", "1.5", "2"};
  31:main.c        **** 
  32:main.c        **** int main(void)
  33:main.c        **** {
  32              		.loc 1 33 0
  33              		.cfi_startproc
  34              		@ args = 0, pretend = 0, frame = 112
  35              		@ frame_needed = 0, uses_anonymous_args = 0
  36 0000 2DE9F043 		push	{r4, r5, r6, r7, r8, r9, lr}
  37              		.cfi_def_cfa_offset 28
  38              		.cfi_offset 4, -28
  39              		.cfi_offset 5, -24
  40              		.cfi_offset 6, -20
  41              		.cfi_offset 7, -16
  42              		.cfi_offset 8, -12
  43              		.cfi_offset 9, -8
  44              		.cfi_offset 14, -4
  45 0004 9FB0     		sub	sp, sp, #124
  46              		.cfi_def_cfa_offset 152
  34:main.c        ****     uint16 count;
  35:main.c        ****     uint8 buffer[USBUART_BUFFER_SIZE];
  36:main.c        ****     uint8 state;
  37:main.c        ****     char8 lineStr[LINE_STR_LENGTH];
  38:main.c        ****     
  39:main.c        ****     CyGlobalIntEnable; /* Enable global interrupts. */
  47              		.loc 1 39 0
  48              		.syntax unified
  49              	@ 39 "main.c" 1
  50 0006 62B6     		CPSIE   i
  51              	@ 0 "" 2
  40:main.c        ****     USBUART_Start(USBFS_DEVICE, USBUART_5V_OPERATION);
  52              		.loc 1 40 0
  53              		.thumb
  54              		.syntax unified
  55 0008 0121     		movs	r1, #1
  56 000a 0020     		movs	r0, #0
  57 000c FFF7FEFF 		bl	USBUART_Start
  58              	.LVL0:
  41:main.c        ****     
  42:main.c        ****     int ledState = BoardLed_Read();    
  59              		.loc 1 42 0
  60 0010 FFF7FEFF 		bl	BoardLed_Read
  61              	.LVL1:
  62 0014 0546     		mov	r5, r0
  63              	.LVL2:
  64              	.L13:
  43:main.c        ****    
  44:main.c        ****     for(;;)
  45:main.c        ****     {
  46:main.c        ****         /* Host can send double SET_INTERFACE request. */
  47:main.c        ****         if (0u != USBUART_IsConfigurationChanged()) //Si la configaración ha cambiado
  65              		.loc 1 47 0
  66 0016 FFF7FEFF 		bl	USBUART_IsConfigurationChanged
  67              	.LVL3:
ARM GAS  C:\Users\gusta\AppData\Local\Temp\ccQ0bztc.s 			page 3


  68 001a 20B1     		cbz	r0, .L3
  48:main.c        ****         {
  49:main.c        ****             /* Initialize IN endpoints when device is configured. */
  50:main.c        ****             if (0u != USBUART_GetConfiguration())
  69              		.loc 1 50 0
  70 001c FFF7FEFF 		bl	USBUART_GetConfiguration
  71              	.LVL4:
  72 0020 08B1     		cbz	r0, .L3
  51:main.c        ****             {
  52:main.c        ****                 /* Enumeration is done, enable OUT endpoint to receive data 
  53:main.c        ****                  * from host. */
  54:main.c        ****                 USBUART_CDC_Init();
  73              		.loc 1 54 0
  74 0022 FFF7FEFF 		bl	USBUART_CDC_Init
  75              	.LVL5:
  76              	.L3:
  55:main.c        ****             }
  56:main.c        ****         }
  57:main.c        ****         
  58:main.c        ****         /* Service USB CDC when device is configured. */
  59:main.c        ****         if (0u != USBUART_GetConfiguration()) /* Si el puerto ha sido configurado */
  77              		.loc 1 59 0
  78 0026 FFF7FEFF 		bl	USBUART_GetConfiguration
  79              	.LVL6:
  80 002a 0028     		cmp	r0, #0
  81 002c 60D0     		beq	.L4
  60:main.c        ****         {
  61:main.c        ****             /* Check for input data from host. */
  62:main.c        ****             if (0u != USBUART_DataIsReady())
  82              		.loc 1 62 0
  83 002e FFF7FEFF 		bl	USBUART_DataIsReady
  84              	.LVL7:
  85 0032 B0B1     		cbz	r0, .L5
  63:main.c        ****             {
  64:main.c        ****                 /* Read received data and re-enable OUT endpoint. */
  65:main.c        ****                 count = USBUART_GetAll(buffer); /* Recibe todo el paquete y re-habilita puntos de s
  86              		.loc 1 65 0
  87 0034 0EA8     		add	r0, sp, #56
  88 0036 FFF7FEFF 		bl	USBUART_GetAll
  89              	.LVL8:
  66:main.c        ****                 //sprintf(lineStr,"\nLlegaron %d caracteres",count-1);
  67:main.c        ****                 
  68:main.c        ****                 /* Wait until component is ready to send data to host. */
  69:main.c        ****                 //while (0u == USBUART_CDCIsReady()){}
  70:main.c        ****                 //USBUART_PutString(lineStr);
  71:main.c        ****                 if (0u != count)
  90              		.loc 1 71 0
  91 003a 0446     		mov	r4, r0
  92 003c 88B1     		cbz	r0, .L5
  93              	.LVL9:
  94              	.L6:
  72:main.c        ****                 {
  73:main.c        ****                     /* Wait until component is ready to send data to host. */
  74:main.c        ****                     while (0u == USBUART_CDCIsReady()){}
  95              		.loc 1 74 0 discriminator 1
  96 003e FFF7FEFF 		bl	USBUART_CDCIsReady
  97              	.LVL10:
ARM GAS  C:\Users\gusta\AppData\Local\Temp\ccQ0bztc.s 			page 4


  98 0042 0028     		cmp	r0, #0
  99 0044 FBD0     		beq	.L6
  75:main.c        ****                     /* Send data back to host. */
  76:main.c        ****                     USBUART_PutData(buffer, count); /* Devuelve la información que haya entrado */
 100              		.loc 1 76 0
 101 0046 2146     		mov	r1, r4
 102 0048 0EA8     		add	r0, sp, #56
 103 004a FFF7FEFF 		bl	USBUART_PutData
 104              	.LVL11:
  77:main.c        ****                     
  78:main.c        ****                     /* Wait until component is ready to send data to host. */
  79:main.c        ****                     //while (0u == USBUART_CDCIsReady()){}
  80:main.c        ****                     //USBUART_PutString("\n Envio confirmado\n");
  81:main.c        ****                     /* If the last sent packet is exactly the maximum packet 
  82:main.c        ****                     *  size, it is followed by a zero-length packet to assure
  83:main.c        ****                     *  that the end of the segment is properly identified by 
  84:main.c        ****                     *  the terminal.
  85:main.c        ****                     */
  86:main.c        ****                     if (USBUART_BUFFER_SIZE == count)
 105              		.loc 1 86 0
 106 004e 402C     		cmp	r4, #64
 107 0050 07D1     		bne	.L5
 108              	.L7:
  87:main.c        ****                     {
  88:main.c        ****                         /* Wait until component is ready to send data to PC. */
  89:main.c        ****                         while (0u == USBUART_CDCIsReady())
 109              		.loc 1 89 0 discriminator 1
 110 0052 FFF7FEFF 		bl	USBUART_CDCIsReady
 111              	.LVL12:
 112 0056 0028     		cmp	r0, #0
 113 0058 FBD0     		beq	.L7
  90:main.c        ****                         {
  91:main.c        ****                         }
  92:main.c        **** 
  93:main.c        ****                         /* Send zero-length packet to PC. */
  94:main.c        ****                         USBUART_PutData(NULL, 0u);
 114              		.loc 1 94 0
 115 005a 0021     		movs	r1, #0
 116 005c 0846     		mov	r0, r1
 117 005e FFF7FEFF 		bl	USBUART_PutData
 118              	.LVL13:
 119              	.L5:
  95:main.c        ****                     }
  96:main.c        ****                 }
  97:main.c        ****             }
  98:main.c        **** 
  99:main.c        **** 
 100:main.c        ****         #if (CY_PSOC3 || CY_PSOC5LP)
 101:main.c        ****             /* Check for Line settings change. */
 102:main.c        ****             /* Control de cambios en la configuracion */
 103:main.c        ****             state = USBUART_IsLineChanged();
 120              		.loc 1 103 0
 121 0062 FFF7FEFF 		bl	USBUART_IsLineChanged
 122              	.LVL14:
 104:main.c        ****             if (0u != state)
 123              		.loc 1 104 0
 124 0066 0446     		mov	r4, r0
ARM GAS  C:\Users\gusta\AppData\Local\Temp\ccQ0bztc.s 			page 5


 125 0068 0028     		cmp	r0, #0
 126 006a 41D0     		beq	.L4
 105:main.c        ****             {
 106:main.c        ****                 /* Output Line Coding settings. */
 107:main.c        ****                 /* Muestra la configuracion*/
 108:main.c        ****                 if (0u != (state & USBUART_LINE_CODING_CHANGED))
 127              		.loc 1 108 0
 128 006c 10F0010F 		tst	r0, #1
 129 0070 21D0     		beq	.L8
 109:main.c        ****                 {                  
 110:main.c        ****                     /* Get string to output. */
 111:main.c        ****                     /*Obtiene los valores de configuración del puerto en un String*/
 112:main.c        ****                     sprintf(lineStr,"\nBR:%4ld %d%c%s", USBUART_GetDTERate(),\
 130              		.loc 1 112 0
 131 0072 FFF7FEFF 		bl	USBUART_GetDTERate
 132              	.LVL15:
 133 0076 0746     		mov	r7, r0
 113:main.c        ****                     (uint16) USBUART_GetDataBits(),\
 134              		.loc 1 113 0
 135 0078 FFF7FEFF 		bl	USBUART_GetDataBits
 136              	.LVL16:
 137 007c 8046     		mov	r8, r0
 114:main.c        ****                     parity[(uint16) USBUART_GetParityType()][0],\
 138              		.loc 1 114 0
 139 007e FFF7FEFF 		bl	USBUART_GetParityType
 140              	.LVL17:
 141 0082 264E     		ldr	r6, .L20
 142 0084 56F82030 		ldr	r3, [r6, r0, lsl #2]
 143 0088 93F80090 		ldrb	r9, [r3]	@ zero_extendqisi2
 115:main.c        ****                     stop[(uint16) USBUART_GetCharFormat()]);
 144              		.loc 1 115 0
 145 008c FFF7FEFF 		bl	USBUART_GetCharFormat
 146              	.LVL18:
 112:main.c        ****                     (uint16) USBUART_GetDataBits(),\
 147              		.loc 1 112 0
 148 0090 06EB8000 		add	r0, r6, r0, lsl #2
 149 0094 4369     		ldr	r3, [r0, #20]
 150 0096 0193     		str	r3, [sp, #4]
 151 0098 CDF80090 		str	r9, [sp]
 152 009c 4346     		mov	r3, r8
 153 009e 3A46     		mov	r2, r7
 154 00a0 1F49     		ldr	r1, .L20+4
 155 00a2 02A8     		add	r0, sp, #8
 156 00a4 FFF7FEFF 		bl	sprintf
 157              	.LVL19:
 158              	.L9:
 116:main.c        ****                     
 117:main.c        ****                     /* Wait until component is ready to send data to host. */
 118:main.c        ****                     while (0u == USBUART_CDCIsReady()){}
 159              		.loc 1 118 0 discriminator 1
 160 00a8 FFF7FEFF 		bl	USBUART_CDCIsReady
 161              	.LVL20:
 162 00ac 0028     		cmp	r0, #0
 163 00ae FBD0     		beq	.L9
 119:main.c        ****                     USBUART_PutString(lineStr); /* Envía configuración del puerto */
 164              		.loc 1 119 0
 165 00b0 02A8     		add	r0, sp, #8
ARM GAS  C:\Users\gusta\AppData\Local\Temp\ccQ0bztc.s 			page 6


 166 00b2 FFF7FEFF 		bl	USBUART_PutString
 167              	.LVL21:
 168              	.L8:
 120:main.c        **** 
 121:main.c        ****                 }
 122:main.c        **** 
 123:main.c        ****                 /* Output Line Control settings. */
 124:main.c        ****                 if (0u != (state & USBUART_LINE_CONTROL_CHANGED))
 169              		.loc 1 124 0
 170 00b6 14F0020F 		tst	r4, #2
 171 00ba 19D0     		beq	.L4
 125:main.c        ****                 {                   
 126:main.c        ****                     /* Get string to output. */
 127:main.c        ****                     state = USBUART_GetLineControl();
 172              		.loc 1 127 0
 173 00bc FFF7FEFF 		bl	USBUART_GetLineControl
 174              	.LVL22:
 175 00c0 C0B2     		uxtb	r0, r0
 176              	.LVL23:
 128:main.c        ****                     sprintf(lineStr,"\nDTR:%s,RTS:%s",  (0u != (state & USBUART_LINE_CONTROL_DTR)) 
 177              		.loc 1 128 0
 178 00c2 10F0010F 		tst	r0, #1
 179 00c6 01D0     		beq	.L17
 180 00c8 164A     		ldr	r2, .L20+8
 181 00ca 00E0     		b	.L10
 182              	.L17:
 183 00cc 164A     		ldr	r2, .L20+12
 184              	.L10:
 185              		.loc 1 128 0 is_stmt 0 discriminator 4
 186 00ce 10F0020F 		tst	r0, #2
 187 00d2 01D0     		beq	.L18
 188              		.loc 1 128 0
 189 00d4 134B     		ldr	r3, .L20+8
 190 00d6 00E0     		b	.L11
 191              	.L18:
 192 00d8 134B     		ldr	r3, .L20+12
 193              	.L11:
 194              		.loc 1 128 0 discriminator 8
 195 00da 1449     		ldr	r1, .L20+16
 196 00dc 02A8     		add	r0, sp, #8
 197              	.LVL24:
 198 00de FFF7FEFF 		bl	sprintf
 199              	.LVL25:
 200              	.L12:
 129:main.c        ****                                                       (0u != (state & USBUART_LINE_CONTROL_RTS)) ? 
 130:main.c        ****                     
 131:main.c        ****                     /* Wait until component is ready to send data to host. */
 132:main.c        ****                     while (0u == USBUART_CDCIsReady()){}
 201              		.loc 1 132 0 is_stmt 1 discriminator 1
 202 00e2 FFF7FEFF 		bl	USBUART_CDCIsReady
 203              	.LVL26:
 204 00e6 0028     		cmp	r0, #0
 205 00e8 FBD0     		beq	.L12
 133:main.c        ****                     USBUART_PutString(lineStr);
 206              		.loc 1 133 0
 207 00ea 02A8     		add	r0, sp, #8
 208 00ec FFF7FEFF 		bl	USBUART_PutString
ARM GAS  C:\Users\gusta\AppData\Local\Temp\ccQ0bztc.s 			page 7


 209              	.LVL27:
 210              	.L4:
 134:main.c        ****                 }
 135:main.c        ****             }
 136:main.c        ****         #endif /* (CY_PSOC3 || CY_PSOC5LP) */
 137:main.c        ****         }
 138:main.c        ****         
 139:main.c        ****         /* Control rápido de comunicación */
 140:main.c        ****         /* Se envía un string cada vez que se presiona el botón de la placa */
 141:main.c        ****         if(BoardLed_Read() != ledState){
 211              		.loc 1 141 0
 212 00f0 FFF7FEFF 		bl	BoardLed_Read
 213              	.LVL28:
 214 00f4 8542     		cmp	r5, r0
 215 00f6 8ED0     		beq	.L13
 142:main.c        ****             ledState = BoardLed_Read();
 216              		.loc 1 142 0
 217 00f8 FFF7FEFF 		bl	BoardLed_Read
 218              	.LVL29:
 219 00fc 0446     		mov	r4, r0
 220 00fe 0546     		mov	r5, r0
 221              	.LVL30:
 222              	.L14:
 143:main.c        ****             /* Wait until component is ready to send data to host. */
 144:main.c        ****             while (0u == USBUART_CDCIsReady()){}
 223              		.loc 1 144 0 discriminator 1
 224 0100 FFF7FEFF 		bl	USBUART_CDCIsReady
 225              	.LVL31:
 226 0104 0028     		cmp	r0, #0
 227 0106 FBD0     		beq	.L14
 145:main.c        ****             if( ledState ) USBUART_PutString("\n\rLed encendido");
 228              		.loc 1 145 0
 229 0108 1CB1     		cbz	r4, .L15
 230              		.loc 1 145 0 is_stmt 0 discriminator 1
 231 010a 0948     		ldr	r0, .L20+20
 232 010c FFF7FEFF 		bl	USBUART_PutString
 233              	.LVL32:
 234 0110 81E7     		b	.L13
 235              	.L15:
 146:main.c        ****             else USBUART_PutString("\n\rLed apagado");
 236              		.loc 1 146 0 is_stmt 1
 237 0112 0848     		ldr	r0, .L20+24
 238 0114 FFF7FEFF 		bl	USBUART_PutString
 239              	.LVL33:
 240 0118 7DE7     		b	.L13
 241              	.L21:
 242 011a 00BF     		.align	2
 243              	.L20:
 244 011c 00000000 		.word	.LANCHOR0
 245 0120 08000000 		.word	.LC2
 246 0124 00000000 		.word	.LC0
 247 0128 04000000 		.word	.LC1
 248 012c 18000000 		.word	.LC3
 249 0130 28000000 		.word	.LC4
 250 0134 38000000 		.word	.LC5
 251              		.cfi_endproc
 252              	.LFE64:
ARM GAS  C:\Users\gusta\AppData\Local\Temp\ccQ0bztc.s 			page 8


 253              		.size	main, .-main
 254              		.global	stop
 255              		.global	parity
 256              		.data
 257              		.align	2
 258              		.set	.LANCHOR0,. + 0
 259              		.type	parity, %object
 260              		.size	parity, 20
 261              	parity:
 262 0000 54000000 		.word	.LC9
 263 0004 5C000000 		.word	.LC10
 264 0008 60000000 		.word	.LC11
 265 000c 68000000 		.word	.LC12
 266 0010 70000000 		.word	.LC13
 267              		.type	stop, %object
 268              		.size	stop, 12
 269              	stop:
 270 0014 48000000 		.word	.LC6
 271 0018 4C000000 		.word	.LC7
 272 001c 50000000 		.word	.LC8
 273              		.section	.rodata.str1.4,"aMS",%progbits,1
 274              		.align	2
 275              	.LC0:
 276 0000 4F4E00   		.ascii	"ON\000"
 277 0003 00       		.space	1
 278              	.LC1:
 279 0004 4F464600 		.ascii	"OFF\000"
 280              	.LC2:
 281 0008 0A42523A 		.ascii	"\012BR:%4ld %d%c%s\000"
 281      25346C64 
 281      20256425 
 281      63257300 
 282              	.LC3:
 283 0018 0A445452 		.ascii	"\012DTR:%s,RTS:%s\000"
 283      3A25732C 
 283      5254533A 
 283      257300
 284 0027 00       		.space	1
 285              	.LC4:
 286 0028 0A0D4C65 		.ascii	"\012\015Led encendido\000"
 286      6420656E 
 286      63656E64 
 286      69646F00 
 287              	.LC5:
 288 0038 0A0D4C65 		.ascii	"\012\015Led apagado\000"
 288      64206170 
 288      61676164 
 288      6F00
 289 0046 0000     		.space	2
 290              	.LC6:
 291 0048 3100     		.ascii	"1\000"
 292 004a 0000     		.space	2
 293              	.LC7:
 294 004c 312E3500 		.ascii	"1.5\000"
 295              	.LC8:
 296 0050 3200     		.ascii	"2\000"
 297 0052 0000     		.space	2
ARM GAS  C:\Users\gusta\AppData\Local\Temp\ccQ0bztc.s 			page 9


 298              	.LC9:
 299 0054 4E6F6E65 		.ascii	"None\000"
 299      00
 300 0059 000000   		.space	3
 301              	.LC10:
 302 005c 4F646400 		.ascii	"Odd\000"
 303              	.LC11:
 304 0060 4576656E 		.ascii	"Even\000"
 304      00
 305 0065 000000   		.space	3
 306              	.LC12:
 307 0068 4D61726B 		.ascii	"Mark\000"
 307      00
 308 006d 000000   		.space	3
 309              	.LC13:
 310 0070 53706163 		.ascii	"Space\000"
 310      6500
 311              		.text
 312              	.Letext0:
 313              		.file 2 "d:\\cypress\\psoc creator\\4.4\\psoc creator\\import\\gnu\\arm\\5.4.1\\arm-none-eabi\\inc
 314              		.file 3 "d:\\cypress\\psoc creator\\4.4\\psoc creator\\import\\gnu\\arm\\5.4.1\\arm-none-eabi\\inc
 315              		.file 4 "Generated_Source\\PSoC5/cytypes.h"
 316              		.file 5 "Generated_Source\\PSoC5/core_cm3.h"
 317              		.file 6 "Generated_Source\\PSoC5/USBUART.h"
 318              		.file 7 "Generated_Source\\PSoC5/BoardLed.h"
 319              		.file 8 "Generated_Source\\PSoC5/USBUART_cdc.h"
 320              		.file 9 "d:\\cypress\\psoc creator\\4.4\\psoc creator\\import\\gnu\\arm\\5.4.1\\arm-none-eabi\\inc
 321              		.section	.debug_info,"",%progbits
 322              	.Ldebug_info0:
 323 0000 0F040000 		.4byte	0x40f
 324 0004 0400     		.2byte	0x4
 325 0006 00000000 		.4byte	.Ldebug_abbrev0
 326 000a 04       		.byte	0x4
 327 000b 01       		.uleb128 0x1
 328 000c CC000000 		.4byte	.LASF44
 329 0010 0C       		.byte	0xc
 330 0011 C7020000 		.4byte	.LASF45
 331 0015 73010000 		.4byte	.LASF46
 332 0019 00000000 		.4byte	.Ldebug_ranges0+0
 333 001d 00000000 		.4byte	0
 334 0021 00000000 		.4byte	.Ldebug_line0
 335 0025 02       		.uleb128 0x2
 336 0026 01       		.byte	0x1
 337 0027 06       		.byte	0x6
 338 0028 05030000 		.4byte	.LASF0
 339 002c 02       		.uleb128 0x2
 340 002d 01       		.byte	0x1
 341 002e 08       		.byte	0x8
 342 002f BE000000 		.4byte	.LASF1
 343 0033 02       		.uleb128 0x2
 344 0034 02       		.byte	0x2
 345 0035 05       		.byte	0x5
 346 0036 D9020000 		.4byte	.LASF2
 347 003a 02       		.uleb128 0x2
 348 003b 02       		.byte	0x2
 349 003c 07       		.byte	0x7
 350 003d C5010000 		.4byte	.LASF3
ARM GAS  C:\Users\gusta\AppData\Local\Temp\ccQ0bztc.s 			page 10


 351 0041 03       		.uleb128 0x3
 352 0042 1C000000 		.4byte	.LASF9
 353 0046 02       		.byte	0x2
 354 0047 3F       		.byte	0x3f
 355 0048 4C000000 		.4byte	0x4c
 356 004c 02       		.uleb128 0x2
 357 004d 04       		.byte	0x4
 358 004e 05       		.byte	0x5
 359 004f F0020000 		.4byte	.LASF4
 360 0053 02       		.uleb128 0x2
 361 0054 04       		.byte	0x4
 362 0055 07       		.byte	0x7
 363 0056 14020000 		.4byte	.LASF5
 364 005a 02       		.uleb128 0x2
 365 005b 08       		.byte	0x8
 366 005c 05       		.byte	0x5
 367 005d B9020000 		.4byte	.LASF6
 368 0061 02       		.uleb128 0x2
 369 0062 08       		.byte	0x8
 370 0063 07       		.byte	0x7
 371 0064 7D020000 		.4byte	.LASF7
 372 0068 04       		.uleb128 0x4
 373 0069 04       		.byte	0x4
 374 006a 05       		.byte	0x5
 375 006b 696E7400 		.ascii	"int\000"
 376 006f 02       		.uleb128 0x2
 377 0070 04       		.byte	0x4
 378 0071 07       		.byte	0x7
 379 0072 5F020000 		.4byte	.LASF8
 380 0076 03       		.uleb128 0x3
 381 0077 A8020000 		.4byte	.LASF10
 382 007b 03       		.byte	0x3
 383 007c 2C       		.byte	0x2c
 384 007d 41000000 		.4byte	0x41
 385 0081 05       		.uleb128 0x5
 386 0082 EA020000 		.4byte	.LASF11
 387 0086 04       		.byte	0x4
 388 0087 E901     		.2byte	0x1e9
 389 0089 2C000000 		.4byte	0x2c
 390 008d 05       		.uleb128 0x5
 391 008e 45020000 		.4byte	.LASF12
 392 0092 04       		.byte	0x4
 393 0093 EA01     		.2byte	0x1ea
 394 0095 3A000000 		.4byte	0x3a
 395 0099 02       		.uleb128 0x2
 396 009a 04       		.byte	0x4
 397 009b 04       		.byte	0x4
 398 009c A1000000 		.4byte	.LASF13
 399 00a0 02       		.uleb128 0x2
 400 00a1 08       		.byte	0x8
 401 00a2 04       		.byte	0x4
 402 00a3 68000000 		.4byte	.LASF14
 403 00a7 05       		.uleb128 0x5
 404 00a8 5A010000 		.4byte	.LASF15
 405 00ac 04       		.byte	0x4
 406 00ad FA01     		.2byte	0x1fa
 407 00af B3000000 		.4byte	0xb3
ARM GAS  C:\Users\gusta\AppData\Local\Temp\ccQ0bztc.s 			page 11


 408 00b3 02       		.uleb128 0x2
 409 00b4 01       		.byte	0x1
 410 00b5 08       		.byte	0x8
 411 00b6 CE020000 		.4byte	.LASF16
 412 00ba 02       		.uleb128 0x2
 413 00bb 08       		.byte	0x8
 414 00bc 04       		.byte	0x4
 415 00bd F9020000 		.4byte	.LASF17
 416 00c1 02       		.uleb128 0x2
 417 00c2 04       		.byte	0x4
 418 00c3 07       		.byte	0x7
 419 00c4 B0020000 		.4byte	.LASF18
 420 00c8 06       		.uleb128 0x6
 421 00c9 4C020000 		.4byte	.LASF47
 422 00cd 01       		.byte	0x1
 423 00ce 20       		.byte	0x20
 424 00cf 68000000 		.4byte	0x68
 425 00d3 00000000 		.4byte	.LFB64
 426 00d7 38010000 		.4byte	.LFE64-.LFB64
 427 00db 01       		.uleb128 0x1
 428 00dc 9C       		.byte	0x9c
 429 00dd DB020000 		.4byte	0x2db
 430 00e1 07       		.uleb128 0x7
 431 00e2 D3020000 		.4byte	.LASF19
 432 00e6 01       		.byte	0x1
 433 00e7 22       		.byte	0x22
 434 00e8 8D000000 		.4byte	0x8d
 435 00ec 00000000 		.4byte	.LLST0
 436 00f0 08       		.uleb128 0x8
 437 00f1 E3020000 		.4byte	.LASF20
 438 00f5 01       		.byte	0x1
 439 00f6 23       		.byte	0x23
 440 00f7 DB020000 		.4byte	0x2db
 441 00fb 03       		.uleb128 0x3
 442 00fc 91       		.byte	0x91
 443 00fd A07F     		.sleb128 -96
 444 00ff 07       		.uleb128 0x7
 445 0100 16000000 		.4byte	.LASF21
 446 0104 01       		.byte	0x1
 447 0105 24       		.byte	0x24
 448 0106 81000000 		.4byte	0x81
 449 010a 13000000 		.4byte	.LLST1
 450 010e 08       		.uleb128 0x8
 451 010f 20030000 		.4byte	.LASF22
 452 0113 01       		.byte	0x1
 453 0114 25       		.byte	0x25
 454 0115 EB020000 		.4byte	0x2eb
 455 0119 03       		.uleb128 0x3
 456 011a 91       		.byte	0x91
 457 011b F07E     		.sleb128 -144
 458 011d 07       		.uleb128 0x7
 459 011e 98000000 		.4byte	.LASF23
 460 0122 01       		.byte	0x1
 461 0123 2A       		.byte	0x2a
 462 0124 68000000 		.4byte	0x68
 463 0128 31000000 		.4byte	.LLST2
 464 012c 09       		.uleb128 0x9
ARM GAS  C:\Users\gusta\AppData\Local\Temp\ccQ0bztc.s 			page 12


 465 012d 10000000 		.4byte	.LVL0
 466 0131 54030000 		.4byte	0x354
 467 0135 44010000 		.4byte	0x144
 468 0139 0A       		.uleb128 0xa
 469 013a 01       		.uleb128 0x1
 470 013b 50       		.byte	0x50
 471 013c 01       		.uleb128 0x1
 472 013d 30       		.byte	0x30
 473 013e 0A       		.uleb128 0xa
 474 013f 01       		.uleb128 0x1
 475 0140 51       		.byte	0x51
 476 0141 01       		.uleb128 0x1
 477 0142 31       		.byte	0x31
 478 0143 00       		.byte	0
 479 0144 0B       		.uleb128 0xb
 480 0145 14000000 		.4byte	.LVL1
 481 0149 60030000 		.4byte	0x360
 482 014d 0B       		.uleb128 0xb
 483 014e 1A000000 		.4byte	.LVL3
 484 0152 6B030000 		.4byte	0x36b
 485 0156 0B       		.uleb128 0xb
 486 0157 20000000 		.4byte	.LVL4
 487 015b 77030000 		.4byte	0x377
 488 015f 0B       		.uleb128 0xb
 489 0160 26000000 		.4byte	.LVL5
 490 0164 83030000 		.4byte	0x383
 491 0168 0B       		.uleb128 0xb
 492 0169 2A000000 		.4byte	.LVL6
 493 016d 77030000 		.4byte	0x377
 494 0171 0B       		.uleb128 0xb
 495 0172 32000000 		.4byte	.LVL7
 496 0176 8E030000 		.4byte	0x38e
 497 017a 09       		.uleb128 0x9
 498 017b 3A000000 		.4byte	.LVL8
 499 017f 99030000 		.4byte	0x399
 500 0183 8F010000 		.4byte	0x18f
 501 0187 0A       		.uleb128 0xa
 502 0188 01       		.uleb128 0x1
 503 0189 50       		.byte	0x50
 504 018a 03       		.uleb128 0x3
 505 018b 91       		.byte	0x91
 506 018c A07F     		.sleb128 -96
 507 018e 00       		.byte	0
 508 018f 0B       		.uleb128 0xb
 509 0190 42000000 		.4byte	.LVL10
 510 0194 A4030000 		.4byte	0x3a4
 511 0198 09       		.uleb128 0x9
 512 0199 4E000000 		.4byte	.LVL11
 513 019d AF030000 		.4byte	0x3af
 514 01a1 B3010000 		.4byte	0x1b3
 515 01a5 0A       		.uleb128 0xa
 516 01a6 01       		.uleb128 0x1
 517 01a7 50       		.byte	0x50
 518 01a8 03       		.uleb128 0x3
 519 01a9 91       		.byte	0x91
 520 01aa A07F     		.sleb128 -96
 521 01ac 0A       		.uleb128 0xa
ARM GAS  C:\Users\gusta\AppData\Local\Temp\ccQ0bztc.s 			page 13


 522 01ad 01       		.uleb128 0x1
 523 01ae 51       		.byte	0x51
 524 01af 02       		.uleb128 0x2
 525 01b0 74       		.byte	0x74
 526 01b1 00       		.sleb128 0
 527 01b2 00       		.byte	0
 528 01b3 0B       		.uleb128 0xb
 529 01b4 56000000 		.4byte	.LVL12
 530 01b8 A4030000 		.4byte	0x3a4
 531 01bc 09       		.uleb128 0x9
 532 01bd 62000000 		.4byte	.LVL13
 533 01c1 AF030000 		.4byte	0x3af
 534 01c5 D4010000 		.4byte	0x1d4
 535 01c9 0A       		.uleb128 0xa
 536 01ca 01       		.uleb128 0x1
 537 01cb 50       		.byte	0x50
 538 01cc 01       		.uleb128 0x1
 539 01cd 30       		.byte	0x30
 540 01ce 0A       		.uleb128 0xa
 541 01cf 01       		.uleb128 0x1
 542 01d0 51       		.byte	0x51
 543 01d1 01       		.uleb128 0x1
 544 01d2 30       		.byte	0x30
 545 01d3 00       		.byte	0
 546 01d4 0B       		.uleb128 0xb
 547 01d5 66000000 		.4byte	.LVL14
 548 01d9 BA030000 		.4byte	0x3ba
 549 01dd 0B       		.uleb128 0xb
 550 01de 76000000 		.4byte	.LVL15
 551 01e2 C5030000 		.4byte	0x3c5
 552 01e6 0B       		.uleb128 0xb
 553 01e7 7C000000 		.4byte	.LVL16
 554 01eb D0030000 		.4byte	0x3d0
 555 01ef 0B       		.uleb128 0xb
 556 01f0 82000000 		.4byte	.LVL17
 557 01f4 DB030000 		.4byte	0x3db
 558 01f8 0B       		.uleb128 0xb
 559 01f9 90000000 		.4byte	.LVL18
 560 01fd E6030000 		.4byte	0x3e6
 561 0201 09       		.uleb128 0x9
 562 0202 A8000000 		.4byte	.LVL19
 563 0206 F1030000 		.4byte	0x3f1
 564 020a 32020000 		.4byte	0x232
 565 020e 0A       		.uleb128 0xa
 566 020f 01       		.uleb128 0x1
 567 0210 50       		.byte	0x50
 568 0211 03       		.uleb128 0x3
 569 0212 91       		.byte	0x91
 570 0213 F07E     		.sleb128 -144
 571 0215 0A       		.uleb128 0xa
 572 0216 01       		.uleb128 0x1
 573 0217 51       		.byte	0x51
 574 0218 05       		.uleb128 0x5
 575 0219 03       		.byte	0x3
 576 021a 08000000 		.4byte	.LC2
 577 021e 0A       		.uleb128 0xa
 578 021f 01       		.uleb128 0x1
ARM GAS  C:\Users\gusta\AppData\Local\Temp\ccQ0bztc.s 			page 14


 579 0220 52       		.byte	0x52
 580 0221 02       		.uleb128 0x2
 581 0222 77       		.byte	0x77
 582 0223 00       		.sleb128 0
 583 0224 0A       		.uleb128 0xa
 584 0225 01       		.uleb128 0x1
 585 0226 53       		.byte	0x53
 586 0227 02       		.uleb128 0x2
 587 0228 78       		.byte	0x78
 588 0229 00       		.sleb128 0
 589 022a 0A       		.uleb128 0xa
 590 022b 02       		.uleb128 0x2
 591 022c 7D       		.byte	0x7d
 592 022d 00       		.sleb128 0
 593 022e 02       		.uleb128 0x2
 594 022f 79       		.byte	0x79
 595 0230 00       		.sleb128 0
 596 0231 00       		.byte	0
 597 0232 0B       		.uleb128 0xb
 598 0233 AC000000 		.4byte	.LVL20
 599 0237 A4030000 		.4byte	0x3a4
 600 023b 09       		.uleb128 0x9
 601 023c B6000000 		.4byte	.LVL21
 602 0240 FC030000 		.4byte	0x3fc
 603 0244 50020000 		.4byte	0x250
 604 0248 0A       		.uleb128 0xa
 605 0249 01       		.uleb128 0x1
 606 024a 50       		.byte	0x50
 607 024b 03       		.uleb128 0x3
 608 024c 91       		.byte	0x91
 609 024d F07E     		.sleb128 -144
 610 024f 00       		.byte	0
 611 0250 0B       		.uleb128 0xb
 612 0251 C0000000 		.4byte	.LVL22
 613 0255 07040000 		.4byte	0x407
 614 0259 09       		.uleb128 0x9
 615 025a E2000000 		.4byte	.LVL25
 616 025e F1030000 		.4byte	0x3f1
 617 0262 77020000 		.4byte	0x277
 618 0266 0A       		.uleb128 0xa
 619 0267 01       		.uleb128 0x1
 620 0268 50       		.byte	0x50
 621 0269 03       		.uleb128 0x3
 622 026a 91       		.byte	0x91
 623 026b F07E     		.sleb128 -144
 624 026d 0A       		.uleb128 0xa
 625 026e 01       		.uleb128 0x1
 626 026f 51       		.byte	0x51
 627 0270 05       		.uleb128 0x5
 628 0271 03       		.byte	0x3
 629 0272 18000000 		.4byte	.LC3
 630 0276 00       		.byte	0
 631 0277 0B       		.uleb128 0xb
 632 0278 E6000000 		.4byte	.LVL26
 633 027c A4030000 		.4byte	0x3a4
 634 0280 09       		.uleb128 0x9
 635 0281 F0000000 		.4byte	.LVL27
ARM GAS  C:\Users\gusta\AppData\Local\Temp\ccQ0bztc.s 			page 15


 636 0285 FC030000 		.4byte	0x3fc
 637 0289 95020000 		.4byte	0x295
 638 028d 0A       		.uleb128 0xa
 639 028e 01       		.uleb128 0x1
 640 028f 50       		.byte	0x50
 641 0290 03       		.uleb128 0x3
 642 0291 91       		.byte	0x91
 643 0292 F07E     		.sleb128 -144
 644 0294 00       		.byte	0
 645 0295 0B       		.uleb128 0xb
 646 0296 F4000000 		.4byte	.LVL28
 647 029a 60030000 		.4byte	0x360
 648 029e 0B       		.uleb128 0xb
 649 029f FC000000 		.4byte	.LVL29
 650 02a3 60030000 		.4byte	0x360
 651 02a7 0B       		.uleb128 0xb
 652 02a8 04010000 		.4byte	.LVL31
 653 02ac A4030000 		.4byte	0x3a4
 654 02b0 09       		.uleb128 0x9
 655 02b1 10010000 		.4byte	.LVL32
 656 02b5 FC030000 		.4byte	0x3fc
 657 02b9 C7020000 		.4byte	0x2c7
 658 02bd 0A       		.uleb128 0xa
 659 02be 01       		.uleb128 0x1
 660 02bf 50       		.byte	0x50
 661 02c0 05       		.uleb128 0x5
 662 02c1 03       		.byte	0x3
 663 02c2 28000000 		.4byte	.LC4
 664 02c6 00       		.byte	0
 665 02c7 0C       		.uleb128 0xc
 666 02c8 18010000 		.4byte	.LVL33
 667 02cc FC030000 		.4byte	0x3fc
 668 02d0 0A       		.uleb128 0xa
 669 02d1 01       		.uleb128 0x1
 670 02d2 50       		.byte	0x50
 671 02d3 05       		.uleb128 0x5
 672 02d4 03       		.byte	0x3
 673 02d5 38000000 		.4byte	.LC5
 674 02d9 00       		.byte	0
 675 02da 00       		.byte	0
 676 02db 0D       		.uleb128 0xd
 677 02dc 81000000 		.4byte	0x81
 678 02e0 EB020000 		.4byte	0x2eb
 679 02e4 0E       		.uleb128 0xe
 680 02e5 C1000000 		.4byte	0xc1
 681 02e9 3F       		.byte	0x3f
 682 02ea 00       		.byte	0
 683 02eb 0D       		.uleb128 0xd
 684 02ec A7000000 		.4byte	0xa7
 685 02f0 FB020000 		.4byte	0x2fb
 686 02f4 0E       		.uleb128 0xe
 687 02f5 C1000000 		.4byte	0xc1
 688 02f9 2C       		.byte	0x2c
 689 02fa 00       		.byte	0
 690 02fb 0F       		.uleb128 0xf
 691 02fc F1010000 		.4byte	.LASF24
 692 0300 05       		.byte	0x5
ARM GAS  C:\Users\gusta\AppData\Local\Temp\ccQ0bztc.s 			page 16


 693 0301 1207     		.2byte	0x712
 694 0303 07030000 		.4byte	0x307
 695 0307 10       		.uleb128 0x10
 696 0308 76000000 		.4byte	0x76
 697 030c 0D       		.uleb128 0xd
 698 030d 1C030000 		.4byte	0x31c
 699 0311 1C030000 		.4byte	0x31c
 700 0315 0E       		.uleb128 0xe
 701 0316 C1000000 		.4byte	0xc1
 702 031a 04       		.byte	0x4
 703 031b 00       		.byte	0
 704 031c 11       		.uleb128 0x11
 705 031d 04       		.byte	0x4
 706 031e A7000000 		.4byte	0xa7
 707 0322 12       		.uleb128 0x12
 708 0323 11030000 		.4byte	.LASF25
 709 0327 01       		.byte	0x1
 710 0328 1D       		.byte	0x1d
 711 0329 0C030000 		.4byte	0x30c
 712 032d 05       		.uleb128 0x5
 713 032e 03       		.byte	0x3
 714 032f 00000000 		.4byte	parity
 715 0333 0D       		.uleb128 0xd
 716 0334 1C030000 		.4byte	0x31c
 717 0338 43030000 		.4byte	0x343
 718 033c 0E       		.uleb128 0xe
 719 033d C1000000 		.4byte	0xc1
 720 0341 02       		.byte	0x2
 721 0342 00       		.byte	0
 722 0343 12       		.uleb128 0x12
 723 0344 EC010000 		.4byte	.LASF26
 724 0348 01       		.byte	0x1
 725 0349 1E       		.byte	0x1e
 726 034a 33030000 		.4byte	0x333
 727 034e 05       		.uleb128 0x5
 728 034f 03       		.byte	0x3
 729 0350 00000000 		.4byte	stop
 730 0354 13       		.uleb128 0x13
 731 0355 51020000 		.4byte	.LASF27
 732 0359 51020000 		.4byte	.LASF27
 733 035d 06       		.byte	0x6
 734 035e 2A01     		.2byte	0x12a
 735 0360 14       		.uleb128 0x14
 736 0361 26000000 		.4byte	.LASF28
 737 0365 26000000 		.4byte	.LASF28
 738 0369 07       		.byte	0x7
 739 036a 29       		.byte	0x29
 740 036b 13       		.uleb128 0x13
 741 036c 26020000 		.4byte	.LASF29
 742 0370 26020000 		.4byte	.LASF29
 743 0374 06       		.byte	0x6
 744 0375 2E01     		.2byte	0x12e
 745 0377 13       		.uleb128 0x13
 746 0378 7F000000 		.4byte	.LASF30
 747 037c 7F000000 		.4byte	.LASF30
 748 0380 06       		.byte	0x6
 749 0381 2D01     		.2byte	0x12d
ARM GAS  C:\Users\gusta\AppData\Local\Temp\ccQ0bztc.s 			page 17


 750 0383 14       		.uleb128 0x14
 751 0384 6C020000 		.4byte	.LASF31
 752 0388 6C020000 		.4byte	.LASF31
 753 038c 08       		.byte	0x8
 754 038d 22       		.byte	0x22
 755 038e 14       		.uleb128 0x14
 756 038f 94020000 		.4byte	.LASF32
 757 0393 94020000 		.4byte	.LASF32
 758 0397 08       		.byte	0x8
 759 0398 29       		.byte	0x29
 760 0399 14       		.uleb128 0x14
 761 039a 47000000 		.4byte	.LASF33
 762 039e 47000000 		.4byte	.LASF33
 763 03a2 08       		.byte	0x8
 764 03a3 2B       		.byte	0x2b
 765 03a4 14       		.uleb128 0x14
 766 03a5 60010000 		.4byte	.LASF34
 767 03a9 60010000 		.4byte	.LASF34
 768 03ad 08       		.byte	0x8
 769 03ae 28       		.byte	0x28
 770 03af 14       		.uleb128 0x14
 771 03b0 6F000000 		.4byte	.LASF35
 772 03b4 6F000000 		.4byte	.LASF35
 773 03b8 08       		.byte	0x8
 774 03b9 23       		.byte	0x23
 775 03ba 14       		.uleb128 0x14
 776 03bb FE010000 		.4byte	.LASF36
 777 03bf FE010000 		.4byte	.LASF36
 778 03c3 08       		.byte	0x8
 779 03c4 2D       		.byte	0x2d
 780 03c5 14       		.uleb128 0x14
 781 03c6 34000000 		.4byte	.LASF37
 782 03ca 34000000 		.4byte	.LASF37
 783 03ce 08       		.byte	0x8
 784 03cf 2E       		.byte	0x2e
 785 03d0 14       		.uleb128 0x14
 786 03d1 D8010000 		.4byte	.LASF38
 787 03d5 D8010000 		.4byte	.LASF38
 788 03d9 08       		.byte	0x8
 789 03da 31       		.byte	0x31
 790 03db 14       		.uleb128 0x14
 791 03dc 28030000 		.4byte	.LASF39
 792 03e0 28030000 		.4byte	.LASF39
 793 03e4 08       		.byte	0x8
 794 03e5 30       		.byte	0x30
 795 03e6 14       		.uleb128 0x14
 796 03e7 00000000 		.4byte	.LASF40
 797 03eb 00000000 		.4byte	.LASF40
 798 03ef 08       		.byte	0x8
 799 03f0 2F       		.byte	0x2f
 800 03f1 14       		.uleb128 0x14
 801 03f2 18030000 		.4byte	.LASF41
 802 03f6 18030000 		.4byte	.LASF41
 803 03fa 09       		.byte	0x9
 804 03fb E7       		.byte	0xe7
 805 03fc 14       		.uleb128 0x14
 806 03fd 56000000 		.4byte	.LASF42
ARM GAS  C:\Users\gusta\AppData\Local\Temp\ccQ0bztc.s 			page 18


 807 0401 56000000 		.4byte	.LASF42
 808 0405 08       		.byte	0x8
 809 0406 24       		.byte	0x24
 810 0407 14       		.uleb128 0x14
 811 0408 A7000000 		.4byte	.LASF43
 812 040c A7000000 		.4byte	.LASF43
 813 0410 08       		.byte	0x8
 814 0411 32       		.byte	0x32
 815 0412 00       		.byte	0
 816              		.section	.debug_abbrev,"",%progbits
 817              	.Ldebug_abbrev0:
 818 0000 01       		.uleb128 0x1
 819 0001 11       		.uleb128 0x11
 820 0002 01       		.byte	0x1
 821 0003 25       		.uleb128 0x25
 822 0004 0E       		.uleb128 0xe
 823 0005 13       		.uleb128 0x13
 824 0006 0B       		.uleb128 0xb
 825 0007 03       		.uleb128 0x3
 826 0008 0E       		.uleb128 0xe
 827 0009 1B       		.uleb128 0x1b
 828 000a 0E       		.uleb128 0xe
 829 000b 55       		.uleb128 0x55
 830 000c 17       		.uleb128 0x17
 831 000d 11       		.uleb128 0x11
 832 000e 01       		.uleb128 0x1
 833 000f 10       		.uleb128 0x10
 834 0010 17       		.uleb128 0x17
 835 0011 00       		.byte	0
 836 0012 00       		.byte	0
 837 0013 02       		.uleb128 0x2
 838 0014 24       		.uleb128 0x24
 839 0015 00       		.byte	0
 840 0016 0B       		.uleb128 0xb
 841 0017 0B       		.uleb128 0xb
 842 0018 3E       		.uleb128 0x3e
 843 0019 0B       		.uleb128 0xb
 844 001a 03       		.uleb128 0x3
 845 001b 0E       		.uleb128 0xe
 846 001c 00       		.byte	0
 847 001d 00       		.byte	0
 848 001e 03       		.uleb128 0x3
 849 001f 16       		.uleb128 0x16
 850 0020 00       		.byte	0
 851 0021 03       		.uleb128 0x3
 852 0022 0E       		.uleb128 0xe
 853 0023 3A       		.uleb128 0x3a
 854 0024 0B       		.uleb128 0xb
 855 0025 3B       		.uleb128 0x3b
 856 0026 0B       		.uleb128 0xb
 857 0027 49       		.uleb128 0x49
 858 0028 13       		.uleb128 0x13
 859 0029 00       		.byte	0
 860 002a 00       		.byte	0
 861 002b 04       		.uleb128 0x4
 862 002c 24       		.uleb128 0x24
 863 002d 00       		.byte	0
ARM GAS  C:\Users\gusta\AppData\Local\Temp\ccQ0bztc.s 			page 19


 864 002e 0B       		.uleb128 0xb
 865 002f 0B       		.uleb128 0xb
 866 0030 3E       		.uleb128 0x3e
 867 0031 0B       		.uleb128 0xb
 868 0032 03       		.uleb128 0x3
 869 0033 08       		.uleb128 0x8
 870 0034 00       		.byte	0
 871 0035 00       		.byte	0
 872 0036 05       		.uleb128 0x5
 873 0037 16       		.uleb128 0x16
 874 0038 00       		.byte	0
 875 0039 03       		.uleb128 0x3
 876 003a 0E       		.uleb128 0xe
 877 003b 3A       		.uleb128 0x3a
 878 003c 0B       		.uleb128 0xb
 879 003d 3B       		.uleb128 0x3b
 880 003e 05       		.uleb128 0x5
 881 003f 49       		.uleb128 0x49
 882 0040 13       		.uleb128 0x13
 883 0041 00       		.byte	0
 884 0042 00       		.byte	0
 885 0043 06       		.uleb128 0x6
 886 0044 2E       		.uleb128 0x2e
 887 0045 01       		.byte	0x1
 888 0046 3F       		.uleb128 0x3f
 889 0047 19       		.uleb128 0x19
 890 0048 03       		.uleb128 0x3
 891 0049 0E       		.uleb128 0xe
 892 004a 3A       		.uleb128 0x3a
 893 004b 0B       		.uleb128 0xb
 894 004c 3B       		.uleb128 0x3b
 895 004d 0B       		.uleb128 0xb
 896 004e 27       		.uleb128 0x27
 897 004f 19       		.uleb128 0x19
 898 0050 49       		.uleb128 0x49
 899 0051 13       		.uleb128 0x13
 900 0052 8701     		.uleb128 0x87
 901 0054 19       		.uleb128 0x19
 902 0055 11       		.uleb128 0x11
 903 0056 01       		.uleb128 0x1
 904 0057 12       		.uleb128 0x12
 905 0058 06       		.uleb128 0x6
 906 0059 40       		.uleb128 0x40
 907 005a 18       		.uleb128 0x18
 908 005b 9742     		.uleb128 0x2117
 909 005d 19       		.uleb128 0x19
 910 005e 01       		.uleb128 0x1
 911 005f 13       		.uleb128 0x13
 912 0060 00       		.byte	0
 913 0061 00       		.byte	0
 914 0062 07       		.uleb128 0x7
 915 0063 34       		.uleb128 0x34
 916 0064 00       		.byte	0
 917 0065 03       		.uleb128 0x3
 918 0066 0E       		.uleb128 0xe
 919 0067 3A       		.uleb128 0x3a
 920 0068 0B       		.uleb128 0xb
ARM GAS  C:\Users\gusta\AppData\Local\Temp\ccQ0bztc.s 			page 20


 921 0069 3B       		.uleb128 0x3b
 922 006a 0B       		.uleb128 0xb
 923 006b 49       		.uleb128 0x49
 924 006c 13       		.uleb128 0x13
 925 006d 02       		.uleb128 0x2
 926 006e 17       		.uleb128 0x17
 927 006f 00       		.byte	0
 928 0070 00       		.byte	0
 929 0071 08       		.uleb128 0x8
 930 0072 34       		.uleb128 0x34
 931 0073 00       		.byte	0
 932 0074 03       		.uleb128 0x3
 933 0075 0E       		.uleb128 0xe
 934 0076 3A       		.uleb128 0x3a
 935 0077 0B       		.uleb128 0xb
 936 0078 3B       		.uleb128 0x3b
 937 0079 0B       		.uleb128 0xb
 938 007a 49       		.uleb128 0x49
 939 007b 13       		.uleb128 0x13
 940 007c 02       		.uleb128 0x2
 941 007d 18       		.uleb128 0x18
 942 007e 00       		.byte	0
 943 007f 00       		.byte	0
 944 0080 09       		.uleb128 0x9
 945 0081 898201   		.uleb128 0x4109
 946 0084 01       		.byte	0x1
 947 0085 11       		.uleb128 0x11
 948 0086 01       		.uleb128 0x1
 949 0087 31       		.uleb128 0x31
 950 0088 13       		.uleb128 0x13
 951 0089 01       		.uleb128 0x1
 952 008a 13       		.uleb128 0x13
 953 008b 00       		.byte	0
 954 008c 00       		.byte	0
 955 008d 0A       		.uleb128 0xa
 956 008e 8A8201   		.uleb128 0x410a
 957 0091 00       		.byte	0
 958 0092 02       		.uleb128 0x2
 959 0093 18       		.uleb128 0x18
 960 0094 9142     		.uleb128 0x2111
 961 0096 18       		.uleb128 0x18
 962 0097 00       		.byte	0
 963 0098 00       		.byte	0
 964 0099 0B       		.uleb128 0xb
 965 009a 898201   		.uleb128 0x4109
 966 009d 00       		.byte	0
 967 009e 11       		.uleb128 0x11
 968 009f 01       		.uleb128 0x1
 969 00a0 31       		.uleb128 0x31
 970 00a1 13       		.uleb128 0x13
 971 00a2 00       		.byte	0
 972 00a3 00       		.byte	0
 973 00a4 0C       		.uleb128 0xc
 974 00a5 898201   		.uleb128 0x4109
 975 00a8 01       		.byte	0x1
 976 00a9 11       		.uleb128 0x11
 977 00aa 01       		.uleb128 0x1
ARM GAS  C:\Users\gusta\AppData\Local\Temp\ccQ0bztc.s 			page 21


 978 00ab 31       		.uleb128 0x31
 979 00ac 13       		.uleb128 0x13
 980 00ad 00       		.byte	0
 981 00ae 00       		.byte	0
 982 00af 0D       		.uleb128 0xd
 983 00b0 01       		.uleb128 0x1
 984 00b1 01       		.byte	0x1
 985 00b2 49       		.uleb128 0x49
 986 00b3 13       		.uleb128 0x13
 987 00b4 01       		.uleb128 0x1
 988 00b5 13       		.uleb128 0x13
 989 00b6 00       		.byte	0
 990 00b7 00       		.byte	0
 991 00b8 0E       		.uleb128 0xe
 992 00b9 21       		.uleb128 0x21
 993 00ba 00       		.byte	0
 994 00bb 49       		.uleb128 0x49
 995 00bc 13       		.uleb128 0x13
 996 00bd 2F       		.uleb128 0x2f
 997 00be 0B       		.uleb128 0xb
 998 00bf 00       		.byte	0
 999 00c0 00       		.byte	0
 1000 00c1 0F       		.uleb128 0xf
 1001 00c2 34       		.uleb128 0x34
 1002 00c3 00       		.byte	0
 1003 00c4 03       		.uleb128 0x3
 1004 00c5 0E       		.uleb128 0xe
 1005 00c6 3A       		.uleb128 0x3a
 1006 00c7 0B       		.uleb128 0xb
 1007 00c8 3B       		.uleb128 0x3b
 1008 00c9 05       		.uleb128 0x5
 1009 00ca 49       		.uleb128 0x49
 1010 00cb 13       		.uleb128 0x13
 1011 00cc 3F       		.uleb128 0x3f
 1012 00cd 19       		.uleb128 0x19
 1013 00ce 3C       		.uleb128 0x3c
 1014 00cf 19       		.uleb128 0x19
 1015 00d0 00       		.byte	0
 1016 00d1 00       		.byte	0
 1017 00d2 10       		.uleb128 0x10
 1018 00d3 35       		.uleb128 0x35
 1019 00d4 00       		.byte	0
 1020 00d5 49       		.uleb128 0x49
 1021 00d6 13       		.uleb128 0x13
 1022 00d7 00       		.byte	0
 1023 00d8 00       		.byte	0
 1024 00d9 11       		.uleb128 0x11
 1025 00da 0F       		.uleb128 0xf
 1026 00db 00       		.byte	0
 1027 00dc 0B       		.uleb128 0xb
 1028 00dd 0B       		.uleb128 0xb
 1029 00de 49       		.uleb128 0x49
 1030 00df 13       		.uleb128 0x13
 1031 00e0 00       		.byte	0
 1032 00e1 00       		.byte	0
 1033 00e2 12       		.uleb128 0x12
 1034 00e3 34       		.uleb128 0x34
ARM GAS  C:\Users\gusta\AppData\Local\Temp\ccQ0bztc.s 			page 22


 1035 00e4 00       		.byte	0
 1036 00e5 03       		.uleb128 0x3
 1037 00e6 0E       		.uleb128 0xe
 1038 00e7 3A       		.uleb128 0x3a
 1039 00e8 0B       		.uleb128 0xb
 1040 00e9 3B       		.uleb128 0x3b
 1041 00ea 0B       		.uleb128 0xb
 1042 00eb 49       		.uleb128 0x49
 1043 00ec 13       		.uleb128 0x13
 1044 00ed 3F       		.uleb128 0x3f
 1045 00ee 19       		.uleb128 0x19
 1046 00ef 02       		.uleb128 0x2
 1047 00f0 18       		.uleb128 0x18
 1048 00f1 00       		.byte	0
 1049 00f2 00       		.byte	0
 1050 00f3 13       		.uleb128 0x13
 1051 00f4 2E       		.uleb128 0x2e
 1052 00f5 00       		.byte	0
 1053 00f6 3F       		.uleb128 0x3f
 1054 00f7 19       		.uleb128 0x19
 1055 00f8 3C       		.uleb128 0x3c
 1056 00f9 19       		.uleb128 0x19
 1057 00fa 6E       		.uleb128 0x6e
 1058 00fb 0E       		.uleb128 0xe
 1059 00fc 03       		.uleb128 0x3
 1060 00fd 0E       		.uleb128 0xe
 1061 00fe 3A       		.uleb128 0x3a
 1062 00ff 0B       		.uleb128 0xb
 1063 0100 3B       		.uleb128 0x3b
 1064 0101 05       		.uleb128 0x5
 1065 0102 00       		.byte	0
 1066 0103 00       		.byte	0
 1067 0104 14       		.uleb128 0x14
 1068 0105 2E       		.uleb128 0x2e
 1069 0106 00       		.byte	0
 1070 0107 3F       		.uleb128 0x3f
 1071 0108 19       		.uleb128 0x19
 1072 0109 3C       		.uleb128 0x3c
 1073 010a 19       		.uleb128 0x19
 1074 010b 6E       		.uleb128 0x6e
 1075 010c 0E       		.uleb128 0xe
 1076 010d 03       		.uleb128 0x3
 1077 010e 0E       		.uleb128 0xe
 1078 010f 3A       		.uleb128 0x3a
 1079 0110 0B       		.uleb128 0xb
 1080 0111 3B       		.uleb128 0x3b
 1081 0112 0B       		.uleb128 0xb
 1082 0113 00       		.byte	0
 1083 0114 00       		.byte	0
 1084 0115 00       		.byte	0
 1085              		.section	.debug_loc,"",%progbits
 1086              	.Ldebug_loc0:
 1087              	.LLST0:
 1088 0000 3A000000 		.4byte	.LVL8
 1089 0004 3E000000 		.4byte	.LVL9
 1090 0008 0100     		.2byte	0x1
 1091 000a 50       		.byte	0x50
ARM GAS  C:\Users\gusta\AppData\Local\Temp\ccQ0bztc.s 			page 23


 1092 000b 00000000 		.4byte	0
 1093 000f 00000000 		.4byte	0
 1094              	.LLST1:
 1095 0013 66000000 		.4byte	.LVL14
 1096 0017 75000000 		.4byte	.LVL15-1
 1097 001b 0100     		.2byte	0x1
 1098 001d 50       		.byte	0x50
 1099 001e C2000000 		.4byte	.LVL23
 1100 0022 DE000000 		.4byte	.LVL24
 1101 0026 0100     		.2byte	0x1
 1102 0028 50       		.byte	0x50
 1103 0029 00000000 		.4byte	0
 1104 002d 00000000 		.4byte	0
 1105              	.LLST2:
 1106 0031 16000000 		.4byte	.LVL2
 1107 0035 00010000 		.4byte	.LVL30
 1108 0039 0100     		.2byte	0x1
 1109 003b 55       		.byte	0x55
 1110 003c 00010000 		.4byte	.LVL30
 1111 0040 38010000 		.4byte	.LFE64
 1112 0044 0100     		.2byte	0x1
 1113 0046 54       		.byte	0x54
 1114 0047 00000000 		.4byte	0
 1115 004b 00000000 		.4byte	0
 1116              		.section	.debug_aranges,"",%progbits
 1117 0000 1C000000 		.4byte	0x1c
 1118 0004 0200     		.2byte	0x2
 1119 0006 00000000 		.4byte	.Ldebug_info0
 1120 000a 04       		.byte	0x4
 1121 000b 00       		.byte	0
 1122 000c 0000     		.2byte	0
 1123 000e 0000     		.2byte	0
 1124 0010 00000000 		.4byte	.LFB64
 1125 0014 38010000 		.4byte	.LFE64-.LFB64
 1126 0018 00000000 		.4byte	0
 1127 001c 00000000 		.4byte	0
 1128              		.section	.debug_ranges,"",%progbits
 1129              	.Ldebug_ranges0:
 1130 0000 00000000 		.4byte	.LFB64
 1131 0004 38010000 		.4byte	.LFE64
 1132 0008 00000000 		.4byte	0
 1133 000c 00000000 		.4byte	0
 1134              		.section	.debug_line,"",%progbits
 1135              	.Ldebug_line0:
 1136 0000 13020000 		.section	.debug_str,"MS",%progbits,1
 1136      0200AF01 
 1136      00000201 
 1136      FB0E0D00 
 1136      01010101 
 1137              	.LASF40:
 1138 0000 55534255 		.ascii	"USBUART_GetCharFormat\000"
 1138      4152545F 
 1138      47657443 
 1138      68617246 
 1138      6F726D61 
 1139              	.LASF21:
 1140 0016 73746174 		.ascii	"state\000"
ARM GAS  C:\Users\gusta\AppData\Local\Temp\ccQ0bztc.s 			page 24


 1140      6500
 1141              	.LASF9:
 1142 001c 5F5F696E 		.ascii	"__int32_t\000"
 1142      7433325F 
 1142      7400
 1143              	.LASF28:
 1144 0026 426F6172 		.ascii	"BoardLed_Read\000"
 1144      644C6564 
 1144      5F526561 
 1144      6400
 1145              	.LASF37:
 1146 0034 55534255 		.ascii	"USBUART_GetDTERate\000"
 1146      4152545F 
 1146      47657444 
 1146      54455261 
 1146      746500
 1147              	.LASF33:
 1148 0047 55534255 		.ascii	"USBUART_GetAll\000"
 1148      4152545F 
 1148      47657441 
 1148      6C6C00
 1149              	.LASF42:
 1150 0056 55534255 		.ascii	"USBUART_PutString\000"
 1150      4152545F 
 1150      50757453 
 1150      7472696E 
 1150      6700
 1151              	.LASF14:
 1152 0068 646F7562 		.ascii	"double\000"
 1152      6C6500
 1153              	.LASF35:
 1154 006f 55534255 		.ascii	"USBUART_PutData\000"
 1154      4152545F 
 1154      50757444 
 1154      61746100 
 1155              	.LASF30:
 1156 007f 55534255 		.ascii	"USBUART_GetConfiguration\000"
 1156      4152545F 
 1156      47657443 
 1156      6F6E6669 
 1156      67757261 
 1157              	.LASF23:
 1158 0098 6C656453 		.ascii	"ledState\000"
 1158      74617465 
 1158      00
 1159              	.LASF13:
 1160 00a1 666C6F61 		.ascii	"float\000"
 1160      7400
 1161              	.LASF43:
 1162 00a7 55534255 		.ascii	"USBUART_GetLineControl\000"
 1162      4152545F 
 1162      4765744C 
 1162      696E6543 
 1162      6F6E7472 
 1163              	.LASF1:
 1164 00be 756E7369 		.ascii	"unsigned char\000"
 1164      676E6564 
ARM GAS  C:\Users\gusta\AppData\Local\Temp\ccQ0bztc.s 			page 25


 1164      20636861 
 1164      7200
 1165              	.LASF44:
 1166 00cc 474E5520 		.ascii	"GNU C11 5.4.1 20160609 (release) [ARM/embedded-5-br"
 1166      43313120 
 1166      352E342E 
 1166      31203230 
 1166      31363036 
 1167 00ff 616E6368 		.ascii	"anch revision 237715] -mcpu=cortex-m3 -mthumb -g -O"
 1167      20726576 
 1167      6973696F 
 1167      6E203233 
 1167      37373135 
 1168 0132 67202D66 		.ascii	"g -ffunction-sections -ffat-lto-objects\000"
 1168      66756E63 
 1168      74696F6E 
 1168      2D736563 
 1168      74696F6E 
 1169              	.LASF15:
 1170 015a 63686172 		.ascii	"char8\000"
 1170      3800
 1171              	.LASF34:
 1172 0160 55534255 		.ascii	"USBUART_CDCIsReady\000"
 1172      4152545F 
 1172      43444349 
 1172      73526561 
 1172      647900
 1173              	.LASF46:
 1174 0173 433A5C55 		.ascii	"C:\\Users\\gusta\\Documents\\PSoC Creator\\HelloWor"
 1174      73657273 
 1174      5C677573 
 1174      74615C44 
 1174      6F63756D 
 1175 01a1 6C645365 		.ascii	"ldSerial\\HelloWorldSerial2021.cydsn\000"
 1175      7269616C 
 1175      5C48656C 
 1175      6C6F576F 
 1175      726C6453 
 1176              	.LASF3:
 1177 01c5 73686F72 		.ascii	"short unsigned int\000"
 1177      7420756E 
 1177      7369676E 
 1177      65642069 
 1177      6E7400
 1178              	.LASF38:
 1179 01d8 55534255 		.ascii	"USBUART_GetDataBits\000"
 1179      4152545F 
 1179      47657444 
 1179      61746142 
 1179      69747300 
 1180              	.LASF26:
 1181 01ec 73746F70 		.ascii	"stop\000"
 1181      00
 1182              	.LASF24:
 1183 01f1 49544D5F 		.ascii	"ITM_RxBuffer\000"
 1183      52784275 
 1183      66666572 
ARM GAS  C:\Users\gusta\AppData\Local\Temp\ccQ0bztc.s 			page 26


 1183      00
 1184              	.LASF36:
 1185 01fe 55534255 		.ascii	"USBUART_IsLineChanged\000"
 1185      4152545F 
 1185      49734C69 
 1185      6E654368 
 1185      616E6765 
 1186              	.LASF5:
 1187 0214 6C6F6E67 		.ascii	"long unsigned int\000"
 1187      20756E73 
 1187      69676E65 
 1187      6420696E 
 1187      7400
 1188              	.LASF29:
 1189 0226 55534255 		.ascii	"USBUART_IsConfigurationChanged\000"
 1189      4152545F 
 1189      4973436F 
 1189      6E666967 
 1189      75726174 
 1190              	.LASF12:
 1191 0245 75696E74 		.ascii	"uint16\000"
 1191      313600
 1192              	.LASF47:
 1193 024c 6D61696E 		.ascii	"main\000"
 1193      00
 1194              	.LASF27:
 1195 0251 55534255 		.ascii	"USBUART_Start\000"
 1195      4152545F 
 1195      53746172 
 1195      7400
 1196              	.LASF8:
 1197 025f 756E7369 		.ascii	"unsigned int\000"
 1197      676E6564 
 1197      20696E74 
 1197      00
 1198              	.LASF31:
 1199 026c 55534255 		.ascii	"USBUART_CDC_Init\000"
 1199      4152545F 
 1199      4344435F 
 1199      496E6974 
 1199      00
 1200              	.LASF7:
 1201 027d 6C6F6E67 		.ascii	"long long unsigned int\000"
 1201      206C6F6E 
 1201      6720756E 
 1201      7369676E 
 1201      65642069 
 1202              	.LASF32:
 1203 0294 55534255 		.ascii	"USBUART_DataIsReady\000"
 1203      4152545F 
 1203      44617461 
 1203      49735265 
 1203      61647900 
 1204              	.LASF10:
 1205 02a8 696E7433 		.ascii	"int32_t\000"
 1205      325F7400 
 1206              	.LASF18:
ARM GAS  C:\Users\gusta\AppData\Local\Temp\ccQ0bztc.s 			page 27


 1207 02b0 73697A65 		.ascii	"sizetype\000"
 1207      74797065 
 1207      00
 1208              	.LASF6:
 1209 02b9 6C6F6E67 		.ascii	"long long int\000"
 1209      206C6F6E 
 1209      6720696E 
 1209      7400
 1210              	.LASF45:
 1211 02c7 6D61696E 		.ascii	"main.c\000"
 1211      2E6300
 1212              	.LASF16:
 1213 02ce 63686172 		.ascii	"char\000"
 1213      00
 1214              	.LASF19:
 1215 02d3 636F756E 		.ascii	"count\000"
 1215      7400
 1216              	.LASF2:
 1217 02d9 73686F72 		.ascii	"short int\000"
 1217      7420696E 
 1217      7400
 1218              	.LASF20:
 1219 02e3 62756666 		.ascii	"buffer\000"
 1219      657200
 1220              	.LASF11:
 1221 02ea 75696E74 		.ascii	"uint8\000"
 1221      3800
 1222              	.LASF4:
 1223 02f0 6C6F6E67 		.ascii	"long int\000"
 1223      20696E74 
 1223      00
 1224              	.LASF17:
 1225 02f9 6C6F6E67 		.ascii	"long double\000"
 1225      20646F75 
 1225      626C6500 
 1226              	.LASF0:
 1227 0305 7369676E 		.ascii	"signed char\000"
 1227      65642063 
 1227      68617200 
 1228              	.LASF25:
 1229 0311 70617269 		.ascii	"parity\000"
 1229      747900
 1230              	.LASF41:
 1231 0318 73707269 		.ascii	"sprintf\000"
 1231      6E746600 
 1232              	.LASF22:
 1233 0320 6C696E65 		.ascii	"lineStr\000"
 1233      53747200 
 1234              	.LASF39:
 1235 0328 55534255 		.ascii	"USBUART_GetParityType\000"
 1235      4152545F 
 1235      47657450 
 1235      61726974 
 1235      79547970 
 1236              		.ident	"GCC: (GNU Tools for ARM Embedded Processors) 5.4.1 20160609 (release) [ARM/embedded-5-bran
