ARM GAS  C:\Users\gusta\AppData\Local\Temp\ccRlajPw.s 			page 1


   1              		.syntax unified
   2              		.cpu cortex-m3
   3              		.fpu softvfp
   4              		.eabi_attribute 20, 1
   5              		.eabi_attribute 21, 1
   6              		.eabi_attribute 23, 3
   7              		.eabi_attribute 24, 1
   8              		.eabi_attribute 25, 1
   9              		.eabi_attribute 26, 1
  10              		.eabi_attribute 30, 1
  11              		.eabi_attribute 34, 1
  12              		.eabi_attribute 18, 4
  13              		.thumb
  14              		.syntax unified
  15              		.file	"USBUART_descr.c"
  16              		.text
  17              	.Ltext0:
  18              		.cfi_sections	.debug_frame
  19              		.comm	USBUART_idSerialNumberStringDescriptor,34,4
  20              		.global	USBUART_TABLE
  21              		.global	USBUART_DEVICE0_TABLE
  22              		.global	USBUART_DEVICE0_CONFIGURATION0_TABLE
  23              		.global	USBUART_DEVICE0_CONFIGURATION0_INTERFACE_CLASS
  24              		.global	USBUART_DEVICE0_CONFIGURATION0_EP_SETTINGS_TABLE
  25              		.global	USBUART_SN_STRING_DESCRIPTOR
  26              		.global	USBUART_STRING_DESCRIPTORS
  27              		.global	USBUART_DEVICE0_CONFIGURATION0_DESCR
  28              		.global	USBUART_DEVICE0_DESCR
  29              		.section	.rodata
  30              		.align	2
  31              		.type	USBUART_TABLE, %object
  32              		.size	USBUART_TABLE, 8
  33              	USBUART_TABLE:
  34 0000 01       		.byte	1
  35 0001 000000   		.space	3
  36 0004 00000000 		.word	USBUART_DEVICE0_TABLE
  37              		.type	USBUART_DEVICE0_TABLE, %object
  38              		.size	USBUART_DEVICE0_TABLE, 24
  39              	USBUART_DEVICE0_TABLE:
  40 0008 01       		.byte	1
  41 0009 000000   		.space	3
  42 000c 00000000 		.word	USBUART_DEVICE0_DESCR
  43 0010 00       		.byte	0
  44 0011 000000   		.space	3
  45 0014 00000000 		.word	0
  46 0018 01       		.byte	1
  47 0019 000000   		.space	3
  48 001c 00000000 		.word	USBUART_DEVICE0_CONFIGURATION0_TABLE
  49              		.type	USBUART_DEVICE0_CONFIGURATION0_TABLE, %object
  50              		.size	USBUART_DEVICE0_CONFIGURATION0_TABLE, 40
  51              	USBUART_DEVICE0_CONFIGURATION0_TABLE:
  52 0020 01       		.byte	1
  53 0021 000000   		.space	3
  54 0024 00000000 		.word	USBUART_DEVICE0_CONFIGURATION0_DESCR
  55 0028 03       		.byte	3
  56 0029 000000   		.space	3
  57 002c 00000000 		.word	USBUART_DEVICE0_CONFIGURATION0_EP_SETTINGS_TABLE
ARM GAS  C:\Users\gusta\AppData\Local\Temp\ccRlajPw.s 			page 2


  58 0030 00       		.byte	0
  59 0031 000000   		.space	3
  60 0034 00000000 		.word	0
  61 0038 00       		.byte	0
  62 0039 000000   		.space	3
  63 003c 00000000 		.word	0
  64 0040 00       		.byte	0
  65 0041 000000   		.space	3
  66 0044 00000000 		.word	USBUART_DEVICE0_CONFIGURATION0_INTERFACE_CLASS
  67              		.type	USBUART_DEVICE0_CONFIGURATION0_INTERFACE_CLASS, %object
  68              		.size	USBUART_DEVICE0_CONFIGURATION0_INTERFACE_CLASS, 2
  69              	USBUART_DEVICE0_CONFIGURATION0_INTERFACE_CLASS:
  70 0048 02       		.byte	2
  71 0049 0A       		.byte	10
  72 004a 0000     		.space	2
  73              		.type	USBUART_DEVICE0_CONFIGURATION0_EP_SETTINGS_TABLE, %object
  74              		.size	USBUART_DEVICE0_CONFIGURATION0_EP_SETTINGS_TABLE, 24
  75              	USBUART_DEVICE0_CONFIGURATION0_EP_SETTINGS_TABLE:
  76 004c 00       		.byte	0
  77 004d 00       		.byte	0
  78 004e 81       		.byte	-127
  79 004f 03       		.byte	3
  80 0050 0800     		.short	8
  81 0052 02       		.byte	2
  82 0053 00       		.space	1
  83 0054 01       		.byte	1
  84 0055 00       		.byte	0
  85 0056 82       		.byte	-126
  86 0057 02       		.byte	2
  87 0058 4000     		.short	64
  88 005a 0A       		.byte	10
  89 005b 00       		.space	1
  90 005c 01       		.byte	1
  91 005d 00       		.byte	0
  92 005e 03       		.byte	3
  93 005f 02       		.byte	2
  94 0060 4000     		.short	64
  95 0062 0A       		.byte	10
  96 0063 00       		.space	1
  97              		.type	USBUART_SN_STRING_DESCRIPTOR, %object
  98              		.size	USBUART_SN_STRING_DESCRIPTOR, 2
  99              	USBUART_SN_STRING_DESCRIPTOR:
 100 0064 02       		.byte	2
 101 0065 03       		.byte	3
 102 0066 0000     		.space	2
 103              		.type	USBUART_STRING_DESCRIPTORS, %object
 104              		.size	USBUART_STRING_DESCRIPTORS, 225
 105              	USBUART_STRING_DESCRIPTORS:
 106 0068 04       		.byte	4
 107 0069 03       		.byte	3
 108 006a 09       		.byte	9
 109 006b 04       		.byte	4
 110 006c 2C       		.byte	44
 111 006d 03       		.byte	3
 112 006e 43       		.byte	67
 113 006f 00       		.byte	0
 114 0070 79       		.byte	121
ARM GAS  C:\Users\gusta\AppData\Local\Temp\ccRlajPw.s 			page 3


 115 0071 00       		.byte	0
 116 0072 70       		.byte	112
 117 0073 00       		.byte	0
 118 0074 72       		.byte	114
 119 0075 00       		.byte	0
 120 0076 65       		.byte	101
 121 0077 00       		.byte	0
 122 0078 73       		.byte	115
 123 0079 00       		.byte	0
 124 007a 73       		.byte	115
 125 007b 00       		.byte	0
 126 007c 20       		.byte	32
 127 007d 00       		.byte	0
 128 007e 53       		.byte	83
 129 007f 00       		.byte	0
 130 0080 65       		.byte	101
 131 0081 00       		.byte	0
 132 0082 6D       		.byte	109
 133 0083 00       		.byte	0
 134 0084 69       		.byte	105
 135 0085 00       		.byte	0
 136 0086 63       		.byte	99
 137 0087 00       		.byte	0
 138 0088 6F       		.byte	111
 139 0089 00       		.byte	0
 140 008a 6E       		.byte	110
 141 008b 00       		.byte	0
 142 008c 64       		.byte	100
 143 008d 00       		.byte	0
 144 008e 75       		.byte	117
 145 008f 00       		.byte	0
 146 0090 63       		.byte	99
 147 0091 00       		.byte	0
 148 0092 74       		.byte	116
 149 0093 00       		.byte	0
 150 0094 6F       		.byte	111
 151 0095 00       		.byte	0
 152 0096 72       		.byte	114
 153 0097 00       		.byte	0
 154 0098 10       		.byte	16
 155 0099 03       		.byte	3
 156 009a 55       		.byte	85
 157 009b 00       		.byte	0
 158 009c 53       		.byte	83
 159 009d 00       		.byte	0
 160 009e 42       		.byte	66
 161 009f 00       		.byte	0
 162 00a0 55       		.byte	85
 163 00a1 00       		.byte	0
 164 00a2 41       		.byte	65
 165 00a3 00       		.byte	0
 166 00a4 52       		.byte	82
 167 00a5 00       		.byte	0
 168 00a6 54       		.byte	84
 169 00a7 00       		.byte	0
 170 00a8 38       		.byte	56
 171 00a9 03       		.byte	3
ARM GAS  C:\Users\gusta\AppData\Local\Temp\ccRlajPw.s 			page 4


 172 00aa 43       		.byte	67
 173 00ab 00       		.byte	0
 174 00ac 44       		.byte	68
 175 00ad 00       		.byte	0
 176 00ae 43       		.byte	67
 177 00af 00       		.byte	0
 178 00b0 20       		.byte	32
 179 00b1 00       		.byte	0
 180 00b2 43       		.byte	67
 181 00b3 00       		.byte	0
 182 00b4 6F       		.byte	111
 183 00b5 00       		.byte	0
 184 00b6 6D       		.byte	109
 185 00b7 00       		.byte	0
 186 00b8 6D       		.byte	109
 187 00b9 00       		.byte	0
 188 00ba 75       		.byte	117
 189 00bb 00       		.byte	0
 190 00bc 6E       		.byte	110
 191 00bd 00       		.byte	0
 192 00be 69       		.byte	105
 193 00bf 00       		.byte	0
 194 00c0 63       		.byte	99
 195 00c1 00       		.byte	0
 196 00c2 61       		.byte	97
 197 00c3 00       		.byte	0
 198 00c4 74       		.byte	116
 199 00c5 00       		.byte	0
 200 00c6 69       		.byte	105
 201 00c7 00       		.byte	0
 202 00c8 6F       		.byte	111
 203 00c9 00       		.byte	0
 204 00ca 6E       		.byte	110
 205 00cb 00       		.byte	0
 206 00cc 20       		.byte	32
 207 00cd 00       		.byte	0
 208 00ce 49       		.byte	73
 209 00cf 00       		.byte	0
 210 00d0 6E       		.byte	110
 211 00d1 00       		.byte	0
 212 00d2 74       		.byte	116
 213 00d3 00       		.byte	0
 214 00d4 65       		.byte	101
 215 00d5 00       		.byte	0
 216 00d6 72       		.byte	114
 217 00d7 00       		.byte	0
 218 00d8 66       		.byte	102
 219 00d9 00       		.byte	0
 220 00da 61       		.byte	97
 221 00db 00       		.byte	0
 222 00dc 63       		.byte	99
 223 00dd 00       		.byte	0
 224 00de 65       		.byte	101
 225 00df 00       		.byte	0
 226 00e0 26       		.byte	38
 227 00e1 03       		.byte	3
 228 00e2 43       		.byte	67
ARM GAS  C:\Users\gusta\AppData\Local\Temp\ccRlajPw.s 			page 5


 229 00e3 00       		.byte	0
 230 00e4 44       		.byte	68
 231 00e5 00       		.byte	0
 232 00e6 43       		.byte	67
 233 00e7 00       		.byte	0
 234 00e8 20       		.byte	32
 235 00e9 00       		.byte	0
 236 00ea 44       		.byte	68
 237 00eb 00       		.byte	0
 238 00ec 61       		.byte	97
 239 00ed 00       		.byte	0
 240 00ee 74       		.byte	116
 241 00ef 00       		.byte	0
 242 00f0 61       		.byte	97
 243 00f1 00       		.byte	0
 244 00f2 20       		.byte	32
 245 00f3 00       		.byte	0
 246 00f4 49       		.byte	73
 247 00f5 00       		.byte	0
 248 00f6 6E       		.byte	110
 249 00f7 00       		.byte	0
 250 00f8 74       		.byte	116
 251 00f9 00       		.byte	0
 252 00fa 65       		.byte	101
 253 00fb 00       		.byte	0
 254 00fc 72       		.byte	114
 255 00fd 00       		.byte	0
 256 00fe 66       		.byte	102
 257 00ff 00       		.byte	0
 258 0100 61       		.byte	97
 259 0101 00       		.byte	0
 260 0102 63       		.byte	99
 261 0103 00       		.byte	0
 262 0104 65       		.byte	101
 263 0105 00       		.byte	0
 264 0106 18       		.byte	24
 265 0107 03       		.byte	3
 266 0108 4E       		.byte	78
 267 0109 00       		.byte	0
 268 010a 61       		.byte	97
 269 010b 00       		.byte	0
 270 010c 76       		.byte	118
 271 010d 00       		.byte	0
 272 010e 4D       		.byte	77
 273 010f 00       		.byte	0
 274 0110 4F       		.byte	79
 275 0111 00       		.byte	0
 276 0112 44       		.byte	68
 277 0113 00       		.byte	0
 278 0114 20       		.byte	32
 279 0115 00       		.byte	0
 280 0116 50       		.byte	80
 281 0117 00       		.byte	0
 282 0118 53       		.byte	83
 283 0119 00       		.byte	0
 284 011a 6F       		.byte	111
 285 011b 00       		.byte	0
ARM GAS  C:\Users\gusta\AppData\Local\Temp\ccRlajPw.s 			page 6


 286 011c 43       		.byte	67
 287 011d 00       		.byte	0
 288 011e 2A       		.byte	42
 289 011f 03       		.byte	3
 290 0120 47       		.byte	71
 291 0121 00       		.byte	0
 292 0122 75       		.byte	117
 293 0123 00       		.byte	0
 294 0124 73       		.byte	115
 295 0125 00       		.byte	0
 296 0126 74       		.byte	116
 297 0127 00       		.byte	0
 298 0128 61       		.byte	97
 299 0129 00       		.byte	0
 300 012a 76       		.byte	118
 301 012b 00       		.byte	0
 302 012c 6F       		.byte	111
 303 012d 00       		.byte	0
 304 012e 20       		.byte	32
 305 012f 00       		.byte	0
 306 0130 53       		.byte	83
 307 0131 00       		.byte	0
 308 0132 6F       		.byte	111
 309 0133 00       		.byte	0
 310 0134 73       		.byte	115
 311 0135 00       		.byte	0
 312 0136 61       		.byte	97
 313 0137 00       		.byte	0
 314 0138 20       		.byte	32
 315 0139 00       		.byte	0
 316 013a 55       		.byte	85
 317 013b 00       		.byte	0
 318 013c 54       		.byte	84
 319 013d 00       		.byte	0
 320 013e 4E       		.byte	78
 321 013f 00       		.byte	0
 322 0140 20       		.byte	32
 323 0141 00       		.byte	0
 324 0142 46       		.byte	70
 325 0143 00       		.byte	0
 326 0144 52       		.byte	82
 327 0145 00       		.byte	0
 328 0146 54       		.byte	84
 329 0147 00       		.byte	0
 330 0148 00       		.byte	0
 331 0149 000000   		.space	3
 332              		.type	USBUART_DEVICE0_CONFIGURATION0_DESCR, %object
 333              		.size	USBUART_DEVICE0_CONFIGURATION0_DESCR, 67
 334              	USBUART_DEVICE0_CONFIGURATION0_DESCR:
 335 014c 09       		.byte	9
 336 014d 02       		.byte	2
 337 014e 43       		.byte	67
 338 014f 00       		.byte	0
 339 0150 02       		.byte	2
 340 0151 01       		.byte	1
 341 0152 01       		.byte	1
 342 0153 80       		.byte	-128
ARM GAS  C:\Users\gusta\AppData\Local\Temp\ccRlajPw.s 			page 7


 343 0154 32       		.byte	50
 344 0155 09       		.byte	9
 345 0156 04       		.byte	4
 346 0157 00       		.byte	0
 347 0158 00       		.byte	0
 348 0159 01       		.byte	1
 349 015a 02       		.byte	2
 350 015b 02       		.byte	2
 351 015c 01       		.byte	1
 352 015d 03       		.byte	3
 353 015e 05       		.byte	5
 354 015f 24       		.byte	36
 355 0160 00       		.byte	0
 356 0161 10       		.byte	16
 357 0162 01       		.byte	1
 358 0163 04       		.byte	4
 359 0164 24       		.byte	36
 360 0165 02       		.byte	2
 361 0166 02       		.byte	2
 362 0167 05       		.byte	5
 363 0168 24       		.byte	36
 364 0169 06       		.byte	6
 365 016a 00       		.byte	0
 366 016b 01       		.byte	1
 367 016c 05       		.byte	5
 368 016d 24       		.byte	36
 369 016e 01       		.byte	1
 370 016f 00       		.byte	0
 371 0170 01       		.byte	1
 372 0171 07       		.byte	7
 373 0172 05       		.byte	5
 374 0173 81       		.byte	-127
 375 0174 03       		.byte	3
 376 0175 08       		.byte	8
 377 0176 00       		.byte	0
 378 0177 0A       		.byte	10
 379 0178 09       		.byte	9
 380 0179 04       		.byte	4
 381 017a 01       		.byte	1
 382 017b 00       		.byte	0
 383 017c 02       		.byte	2
 384 017d 0A       		.byte	10
 385 017e 00       		.byte	0
 386 017f 00       		.byte	0
 387 0180 04       		.byte	4
 388 0181 07       		.byte	7
 389 0182 05       		.byte	5
 390 0183 82       		.byte	-126
 391 0184 02       		.byte	2
 392 0185 40       		.byte	64
 393 0186 00       		.byte	0
 394 0187 00       		.byte	0
 395 0188 07       		.byte	7
 396 0189 05       		.byte	5
 397 018a 03       		.byte	3
 398 018b 02       		.byte	2
 399 018c 40       		.byte	64
ARM GAS  C:\Users\gusta\AppData\Local\Temp\ccRlajPw.s 			page 8


 400 018d 00       		.byte	0
 401 018e 00       		.byte	0
 402 018f 00       		.space	1
 403              		.type	USBUART_DEVICE0_DESCR, %object
 404              		.size	USBUART_DEVICE0_DESCR, 18
 405              	USBUART_DEVICE0_DESCR:
 406 0190 12       		.byte	18
 407 0191 01       		.byte	1
 408 0192 00       		.byte	0
 409 0193 02       		.byte	2
 410 0194 02       		.byte	2
 411 0195 00       		.byte	0
 412 0196 00       		.byte	0
 413 0197 08       		.byte	8
 414 0198 B4       		.byte	-76
 415 0199 04       		.byte	4
 416 019a 32       		.byte	50
 417 019b F2       		.byte	-14
 418 019c 01       		.byte	1
 419 019d 00       		.byte	0
 420 019e 06       		.byte	6
 421 019f 05       		.byte	5
 422 01a0 80       		.byte	-128
 423 01a1 01       		.byte	1
 424              		.text
 425              	.Letext0:
 426              		.file 1 "Generated_Source\\PSoC5\\cytypes.h"
 427              		.file 2 "Generated_Source\\PSoC5\\USBUART.h"
 428              		.file 3 "Generated_Source\\PSoC5\\USBUART_descr.c"
 429              		.section	.debug_info,"",%progbits
 430              	.Ldebug_info0:
 431 0000 A1020000 		.4byte	0x2a1
 432 0004 0400     		.2byte	0x4
 433 0006 00000000 		.4byte	.Ldebug_abbrev0
 434 000a 04       		.byte	0x4
 435 000b 01       		.uleb128 0x1
 436 000c 46010000 		.4byte	.LASF35
 437 0010 0C       		.byte	0xc
 438 0011 CD000000 		.4byte	.LASF36
 439 0015 2F000000 		.4byte	.LASF37
 440 0019 00000000 		.4byte	.Ldebug_line0
 441 001d 02       		.uleb128 0x2
 442 001e 01       		.byte	0x1
 443 001f 06       		.byte	0x6
 444 0020 07030000 		.4byte	.LASF0
 445 0024 02       		.uleb128 0x2
 446 0025 01       		.byte	0x1
 447 0026 08       		.byte	0x8
 448 0027 38010000 		.4byte	.LASF1
 449 002b 02       		.uleb128 0x2
 450 002c 02       		.byte	0x2
 451 002d 05       		.byte	0x5
 452 002e D8020000 		.4byte	.LASF2
 453 0032 02       		.uleb128 0x2
 454 0033 02       		.byte	0x2
 455 0034 07       		.byte	0x7
 456 0035 13030000 		.4byte	.LASF3
ARM GAS  C:\Users\gusta\AppData\Local\Temp\ccRlajPw.s 			page 9


 457 0039 02       		.uleb128 0x2
 458 003a 04       		.byte	0x4
 459 003b 05       		.byte	0x5
 460 003c F2020000 		.4byte	.LASF4
 461 0040 02       		.uleb128 0x2
 462 0041 04       		.byte	0x4
 463 0042 07       		.byte	0x7
 464 0043 FB010000 		.4byte	.LASF5
 465 0047 02       		.uleb128 0x2
 466 0048 08       		.byte	0x8
 467 0049 05       		.byte	0x5
 468 004a AC020000 		.4byte	.LASF6
 469 004e 02       		.uleb128 0x2
 470 004f 08       		.byte	0x8
 471 0050 07       		.byte	0x7
 472 0051 60020000 		.4byte	.LASF7
 473 0055 03       		.uleb128 0x3
 474 0056 04       		.byte	0x4
 475 0057 05       		.byte	0x5
 476 0058 696E7400 		.ascii	"int\000"
 477 005c 02       		.uleb128 0x2
 478 005d 04       		.byte	0x4
 479 005e 07       		.byte	0x7
 480 005f 45020000 		.4byte	.LASF8
 481 0063 04       		.uleb128 0x4
 482 0064 E2020000 		.4byte	.LASF9
 483 0068 01       		.byte	0x1
 484 0069 E901     		.2byte	0x1e9
 485 006b 24000000 		.4byte	0x24
 486 006f 04       		.uleb128 0x4
 487 0070 3E020000 		.4byte	.LASF10
 488 0074 01       		.byte	0x1
 489 0075 EA01     		.2byte	0x1ea
 490 0077 32000000 		.4byte	0x32
 491 007b 02       		.uleb128 0x2
 492 007c 04       		.byte	0x4
 493 007d 04       		.byte	0x4
 494 007e 0A010000 		.4byte	.LASF11
 495 0082 02       		.uleb128 0x2
 496 0083 08       		.byte	0x8
 497 0084 04       		.byte	0x4
 498 0085 37020000 		.4byte	.LASF12
 499 0089 02       		.uleb128 0x2
 500 008a 01       		.byte	0x1
 501 008b 08       		.byte	0x8
 502 008c BA020000 		.4byte	.LASF13
 503 0090 02       		.uleb128 0x2
 504 0091 08       		.byte	0x8
 505 0092 04       		.byte	0x4
 506 0093 FB020000 		.4byte	.LASF14
 507 0097 02       		.uleb128 0x2
 508 0098 04       		.byte	0x4
 509 0099 07       		.byte	0x7
 510 009a A3020000 		.4byte	.LASF15
 511 009e 05       		.uleb128 0x5
 512 009f 08       		.byte	0x8
 513 00a0 02       		.byte	0x2
ARM GAS  C:\Users\gusta\AppData\Local\Temp\ccRlajPw.s 			page 10


 514 00a1 9A       		.byte	0x9a
 515 00a2 EF000000 		.4byte	0xef
 516 00a6 06       		.uleb128 0x6
 517 00a7 E8020000 		.4byte	.LASF16
 518 00ab 02       		.byte	0x2
 519 00ac 9C       		.byte	0x9c
 520 00ad 63000000 		.4byte	0x63
 521 00b1 00       		.byte	0
 522 00b2 06       		.uleb128 0x6
 523 00b3 2D010000 		.4byte	.LASF17
 524 00b7 02       		.byte	0x2
 525 00b8 9D       		.byte	0x9d
 526 00b9 63000000 		.4byte	0x63
 527 00bd 01       		.byte	0x1
 528 00be 06       		.uleb128 0x6
 529 00bf 0D020000 		.4byte	.LASF18
 530 00c3 02       		.byte	0x2
 531 00c4 9E       		.byte	0x9e
 532 00c5 63000000 		.4byte	0x63
 533 00c9 02       		.byte	0x2
 534 00ca 06       		.uleb128 0x6
 535 00cb D4010000 		.4byte	.LASF19
 536 00cf 02       		.byte	0x2
 537 00d0 9F       		.byte	0x9f
 538 00d1 63000000 		.4byte	0x63
 539 00d5 03       		.byte	0x3
 540 00d6 06       		.uleb128 0x6
 541 00d7 BF020000 		.4byte	.LASF20
 542 00db 02       		.byte	0x2
 543 00dc A0       		.byte	0xa0
 544 00dd 6F000000 		.4byte	0x6f
 545 00e1 04       		.byte	0x4
 546 00e2 06       		.uleb128 0x6
 547 00e3 3C030000 		.4byte	.LASF21
 548 00e7 02       		.byte	0x2
 549 00e8 A1       		.byte	0xa1
 550 00e9 63000000 		.4byte	0x63
 551 00ed 06       		.byte	0x6
 552 00ee 00       		.byte	0
 553 00ef 07       		.uleb128 0x7
 554 00f0 DF010000 		.4byte	.LASF22
 555 00f4 02       		.byte	0x2
 556 00f5 A2       		.byte	0xa2
 557 00f6 9E000000 		.4byte	0x9e
 558 00fa 05       		.uleb128 0x5
 559 00fb 08       		.byte	0x8
 560 00fc 02       		.byte	0x2
 561 00fd B1       		.byte	0xb1
 562 00fe 19010000 		.4byte	0x119
 563 0102 08       		.uleb128 0x8
 564 0103 6300     		.ascii	"c\000"
 565 0105 02       		.byte	0x2
 566 0106 B3       		.byte	0xb3
 567 0107 63000000 		.4byte	0x63
 568 010b 00       		.byte	0
 569 010c 06       		.uleb128 0x6
 570 010d 9C020000 		.4byte	.LASF23
ARM GAS  C:\Users\gusta\AppData\Local\Temp\ccRlajPw.s 			page 11


 571 0111 02       		.byte	0x2
 572 0112 B4       		.byte	0xb4
 573 0113 19010000 		.4byte	0x119
 574 0117 04       		.byte	0x4
 575 0118 00       		.byte	0
 576 0119 09       		.uleb128 0x9
 577 011a 04       		.byte	0x4
 578 011b 1F010000 		.4byte	0x11f
 579 011f 0A       		.uleb128 0xa
 580 0120 07       		.uleb128 0x7
 581 0121 52020000 		.4byte	.LASF24
 582 0125 02       		.byte	0x2
 583 0126 B5       		.byte	0xb5
 584 0127 FA000000 		.4byte	0xfa
 585 012b 0B       		.uleb128 0xb
 586 012c 3B010000 		.4byte	0x13b
 587 0130 3B010000 		.4byte	0x13b
 588 0134 0C       		.uleb128 0xc
 589 0135 97000000 		.4byte	0x97
 590 0139 11       		.byte	0x11
 591 013a 00       		.byte	0
 592 013b 0D       		.uleb128 0xd
 593 013c 63000000 		.4byte	0x63
 594 0140 0E       		.uleb128 0xe
 595 0141 F4000000 		.4byte	.LASF25
 596 0145 03       		.byte	0x3
 597 0146 24       		.byte	0x24
 598 0147 51010000 		.4byte	0x151
 599 014b 05       		.uleb128 0x5
 600 014c 03       		.byte	0x3
 601 014d 00000000 		.4byte	USBUART_DEVICE0_DESCR
 602 0151 0D       		.uleb128 0xd
 603 0152 2B010000 		.4byte	0x12b
 604 0156 0B       		.uleb128 0xb
 605 0157 3B010000 		.4byte	0x13b
 606 015b 66010000 		.4byte	0x166
 607 015f 0C       		.uleb128 0xc
 608 0160 97000000 		.4byte	0x97
 609 0164 42       		.byte	0x42
 610 0165 00       		.byte	0
 611 0166 0E       		.uleb128 0xe
 612 0167 77020000 		.4byte	.LASF26
 613 016b 03       		.byte	0x3
 614 016c 37       		.byte	0x37
 615 016d 77010000 		.4byte	0x177
 616 0171 05       		.uleb128 0x5
 617 0172 03       		.byte	0x3
 618 0173 00000000 		.4byte	USBUART_DEVICE0_CONFIGURATION0_DESCR
 619 0177 0D       		.uleb128 0xd
 620 0178 56010000 		.4byte	0x156
 621 017c 0B       		.uleb128 0xb
 622 017d 8C010000 		.4byte	0x18c
 623 0181 8C010000 		.4byte	0x18c
 624 0185 0C       		.uleb128 0xc
 625 0186 97000000 		.4byte	0x97
 626 018a 02       		.byte	0x2
 627 018b 00       		.byte	0
ARM GAS  C:\Users\gusta\AppData\Local\Temp\ccRlajPw.s 			page 12


 628 018c 0D       		.uleb128 0xd
 629 018d EF000000 		.4byte	0xef
 630 0191 0E       		.uleb128 0xe
 631 0192 9C000000 		.4byte	.LASF27
 632 0196 03       		.byte	0x3
 633 0197 E9       		.byte	0xe9
 634 0198 A2010000 		.4byte	0x1a2
 635 019c 05       		.uleb128 0x5
 636 019d 03       		.byte	0x3
 637 019e 00000000 		.4byte	USBUART_DEVICE0_CONFIGURATION0_EP_SETTINGS_TABLE
 638 01a2 0D       		.uleb128 0xd
 639 01a3 7C010000 		.4byte	0x17c
 640 01a7 0B       		.uleb128 0xb
 641 01a8 3B010000 		.4byte	0x13b
 642 01ac B7010000 		.4byte	0x1b7
 643 01b0 0C       		.uleb128 0xc
 644 01b1 97000000 		.4byte	0x97
 645 01b5 01       		.byte	0x1
 646 01b6 00       		.byte	0
 647 01b7 0E       		.uleb128 0xe
 648 01b8 00000000 		.4byte	.LASF28
 649 01bc 03       		.byte	0x3
 650 01bd EF       		.byte	0xef
 651 01be C8010000 		.4byte	0x1c8
 652 01c2 05       		.uleb128 0x5
 653 01c3 03       		.byte	0x3
 654 01c4 00000000 		.4byte	USBUART_DEVICE0_CONFIGURATION0_INTERFACE_CLASS
 655 01c8 0D       		.uleb128 0xd
 656 01c9 A7010000 		.4byte	0x1a7
 657 01cd 0B       		.uleb128 0xb
 658 01ce DD010000 		.4byte	0x1dd
 659 01d2 DD010000 		.4byte	0x1dd
 660 01d6 0C       		.uleb128 0xc
 661 01d7 97000000 		.4byte	0x97
 662 01db 04       		.byte	0x4
 663 01dc 00       		.byte	0
 664 01dd 0D       		.uleb128 0xd
 665 01de 20010000 		.4byte	0x120
 666 01e2 0E       		.uleb128 0xe
 667 01e3 12020000 		.4byte	.LASF29
 668 01e7 03       		.byte	0x3
 669 01e8 F7       		.byte	0xf7
 670 01e9 F3010000 		.4byte	0x1f3
 671 01ed 05       		.uleb128 0x5
 672 01ee 03       		.byte	0x3
 673 01ef 00000000 		.4byte	USBUART_DEVICE0_CONFIGURATION0_TABLE
 674 01f3 0D       		.uleb128 0xd
 675 01f4 CD010000 		.4byte	0x1cd
 676 01f8 0B       		.uleb128 0xb
 677 01f9 DD010000 		.4byte	0x1dd
 678 01fd 08020000 		.4byte	0x208
 679 0201 0C       		.uleb128 0xc
 680 0202 97000000 		.4byte	0x97
 681 0206 02       		.byte	0x2
 682 0207 00       		.byte	0
 683 0208 0F       		.uleb128 0xf
 684 0209 26030000 		.4byte	.LASF30
ARM GAS  C:\Users\gusta\AppData\Local\Temp\ccRlajPw.s 			page 13


 685 020d 03       		.byte	0x3
 686 020e 0201     		.2byte	0x102
 687 0210 1A020000 		.4byte	0x21a
 688 0214 05       		.uleb128 0x5
 689 0215 03       		.byte	0x3
 690 0216 00000000 		.4byte	USBUART_DEVICE0_TABLE
 691 021a 0D       		.uleb128 0xd
 692 021b F8010000 		.4byte	0x1f8
 693 021f 0B       		.uleb128 0xb
 694 0220 DD010000 		.4byte	0x1dd
 695 0224 2F020000 		.4byte	0x22f
 696 0228 0C       		.uleb128 0xc
 697 0229 97000000 		.4byte	0x97
 698 022d 00       		.byte	0
 699 022e 00       		.byte	0
 700 022f 0F       		.uleb128 0xf
 701 0230 CA020000 		.4byte	.LASF31
 702 0234 03       		.byte	0x3
 703 0235 0A01     		.2byte	0x10a
 704 0237 41020000 		.4byte	0x241
 705 023b 05       		.uleb128 0x5
 706 023c 03       		.byte	0x3
 707 023d 00000000 		.4byte	USBUART_TABLE
 708 0241 0D       		.uleb128 0xd
 709 0242 1F020000 		.4byte	0x21f
 710 0246 0E       		.uleb128 0xe
 711 0247 10010000 		.4byte	.LASF32
 712 024b 03       		.byte	0x3
 713 024c DA       		.byte	0xda
 714 024d 57020000 		.4byte	0x257
 715 0251 05       		.uleb128 0x5
 716 0252 03       		.byte	0x3
 717 0253 00000000 		.4byte	USBUART_SN_STRING_DESCRIPTOR
 718 0257 0D       		.uleb128 0xd
 719 0258 A7010000 		.4byte	0x1a7
 720 025c 0B       		.uleb128 0xb
 721 025d 3B010000 		.4byte	0x13b
 722 0261 6C020000 		.4byte	0x26c
 723 0265 0C       		.uleb128 0xc
 724 0266 97000000 		.4byte	0x97
 725 026a E0       		.byte	0xe0
 726 026b 00       		.byte	0
 727 026c 0E       		.uleb128 0xe
 728 026d 81000000 		.4byte	.LASF33
 729 0271 03       		.byte	0x3
 730 0272 96       		.byte	0x96
 731 0273 7D020000 		.4byte	0x27d
 732 0277 05       		.uleb128 0x5
 733 0278 03       		.byte	0x3
 734 0279 00000000 		.4byte	USBUART_STRING_DESCRIPTORS
 735 027d 0D       		.uleb128 0xd
 736 027e 5C020000 		.4byte	0x25c
 737 0282 0B       		.uleb128 0xb
 738 0283 63000000 		.4byte	0x63
 739 0287 92020000 		.4byte	0x292
 740 028b 0C       		.uleb128 0xc
 741 028c 97000000 		.4byte	0x97
ARM GAS  C:\Users\gusta\AppData\Local\Temp\ccRlajPw.s 			page 14


 742 0290 21       		.byte	0x21
 743 0291 00       		.byte	0
 744 0292 0F       		.uleb128 0xf
 745 0293 42030000 		.4byte	.LASF34
 746 0297 03       		.byte	0x3
 747 0298 3801     		.2byte	0x138
 748 029a 82020000 		.4byte	0x282
 749 029e 05       		.uleb128 0x5
 750 029f 03       		.byte	0x3
 751 02a0 00000000 		.4byte	USBUART_idSerialNumberStringDescriptor
 752 02a4 00       		.byte	0
 753              		.section	.debug_abbrev,"",%progbits
 754              	.Ldebug_abbrev0:
 755 0000 01       		.uleb128 0x1
 756 0001 11       		.uleb128 0x11
 757 0002 01       		.byte	0x1
 758 0003 25       		.uleb128 0x25
 759 0004 0E       		.uleb128 0xe
 760 0005 13       		.uleb128 0x13
 761 0006 0B       		.uleb128 0xb
 762 0007 03       		.uleb128 0x3
 763 0008 0E       		.uleb128 0xe
 764 0009 1B       		.uleb128 0x1b
 765 000a 0E       		.uleb128 0xe
 766 000b 10       		.uleb128 0x10
 767 000c 17       		.uleb128 0x17
 768 000d 00       		.byte	0
 769 000e 00       		.byte	0
 770 000f 02       		.uleb128 0x2
 771 0010 24       		.uleb128 0x24
 772 0011 00       		.byte	0
 773 0012 0B       		.uleb128 0xb
 774 0013 0B       		.uleb128 0xb
 775 0014 3E       		.uleb128 0x3e
 776 0015 0B       		.uleb128 0xb
 777 0016 03       		.uleb128 0x3
 778 0017 0E       		.uleb128 0xe
 779 0018 00       		.byte	0
 780 0019 00       		.byte	0
 781 001a 03       		.uleb128 0x3
 782 001b 24       		.uleb128 0x24
 783 001c 00       		.byte	0
 784 001d 0B       		.uleb128 0xb
 785 001e 0B       		.uleb128 0xb
 786 001f 3E       		.uleb128 0x3e
 787 0020 0B       		.uleb128 0xb
 788 0021 03       		.uleb128 0x3
 789 0022 08       		.uleb128 0x8
 790 0023 00       		.byte	0
 791 0024 00       		.byte	0
 792 0025 04       		.uleb128 0x4
 793 0026 16       		.uleb128 0x16
 794 0027 00       		.byte	0
 795 0028 03       		.uleb128 0x3
 796 0029 0E       		.uleb128 0xe
 797 002a 3A       		.uleb128 0x3a
 798 002b 0B       		.uleb128 0xb
ARM GAS  C:\Users\gusta\AppData\Local\Temp\ccRlajPw.s 			page 15


 799 002c 3B       		.uleb128 0x3b
 800 002d 05       		.uleb128 0x5
 801 002e 49       		.uleb128 0x49
 802 002f 13       		.uleb128 0x13
 803 0030 00       		.byte	0
 804 0031 00       		.byte	0
 805 0032 05       		.uleb128 0x5
 806 0033 13       		.uleb128 0x13
 807 0034 01       		.byte	0x1
 808 0035 0B       		.uleb128 0xb
 809 0036 0B       		.uleb128 0xb
 810 0037 3A       		.uleb128 0x3a
 811 0038 0B       		.uleb128 0xb
 812 0039 3B       		.uleb128 0x3b
 813 003a 0B       		.uleb128 0xb
 814 003b 01       		.uleb128 0x1
 815 003c 13       		.uleb128 0x13
 816 003d 00       		.byte	0
 817 003e 00       		.byte	0
 818 003f 06       		.uleb128 0x6
 819 0040 0D       		.uleb128 0xd
 820 0041 00       		.byte	0
 821 0042 03       		.uleb128 0x3
 822 0043 0E       		.uleb128 0xe
 823 0044 3A       		.uleb128 0x3a
 824 0045 0B       		.uleb128 0xb
 825 0046 3B       		.uleb128 0x3b
 826 0047 0B       		.uleb128 0xb
 827 0048 49       		.uleb128 0x49
 828 0049 13       		.uleb128 0x13
 829 004a 38       		.uleb128 0x38
 830 004b 0B       		.uleb128 0xb
 831 004c 00       		.byte	0
 832 004d 00       		.byte	0
 833 004e 07       		.uleb128 0x7
 834 004f 16       		.uleb128 0x16
 835 0050 00       		.byte	0
 836 0051 03       		.uleb128 0x3
 837 0052 0E       		.uleb128 0xe
 838 0053 3A       		.uleb128 0x3a
 839 0054 0B       		.uleb128 0xb
 840 0055 3B       		.uleb128 0x3b
 841 0056 0B       		.uleb128 0xb
 842 0057 49       		.uleb128 0x49
 843 0058 13       		.uleb128 0x13
 844 0059 00       		.byte	0
 845 005a 00       		.byte	0
 846 005b 08       		.uleb128 0x8
 847 005c 0D       		.uleb128 0xd
 848 005d 00       		.byte	0
 849 005e 03       		.uleb128 0x3
 850 005f 08       		.uleb128 0x8
 851 0060 3A       		.uleb128 0x3a
 852 0061 0B       		.uleb128 0xb
 853 0062 3B       		.uleb128 0x3b
 854 0063 0B       		.uleb128 0xb
 855 0064 49       		.uleb128 0x49
ARM GAS  C:\Users\gusta\AppData\Local\Temp\ccRlajPw.s 			page 16


 856 0065 13       		.uleb128 0x13
 857 0066 38       		.uleb128 0x38
 858 0067 0B       		.uleb128 0xb
 859 0068 00       		.byte	0
 860 0069 00       		.byte	0
 861 006a 09       		.uleb128 0x9
 862 006b 0F       		.uleb128 0xf
 863 006c 00       		.byte	0
 864 006d 0B       		.uleb128 0xb
 865 006e 0B       		.uleb128 0xb
 866 006f 49       		.uleb128 0x49
 867 0070 13       		.uleb128 0x13
 868 0071 00       		.byte	0
 869 0072 00       		.byte	0
 870 0073 0A       		.uleb128 0xa
 871 0074 26       		.uleb128 0x26
 872 0075 00       		.byte	0
 873 0076 00       		.byte	0
 874 0077 00       		.byte	0
 875 0078 0B       		.uleb128 0xb
 876 0079 01       		.uleb128 0x1
 877 007a 01       		.byte	0x1
 878 007b 49       		.uleb128 0x49
 879 007c 13       		.uleb128 0x13
 880 007d 01       		.uleb128 0x1
 881 007e 13       		.uleb128 0x13
 882 007f 00       		.byte	0
 883 0080 00       		.byte	0
 884 0081 0C       		.uleb128 0xc
 885 0082 21       		.uleb128 0x21
 886 0083 00       		.byte	0
 887 0084 49       		.uleb128 0x49
 888 0085 13       		.uleb128 0x13
 889 0086 2F       		.uleb128 0x2f
 890 0087 0B       		.uleb128 0xb
 891 0088 00       		.byte	0
 892 0089 00       		.byte	0
 893 008a 0D       		.uleb128 0xd
 894 008b 26       		.uleb128 0x26
 895 008c 00       		.byte	0
 896 008d 49       		.uleb128 0x49
 897 008e 13       		.uleb128 0x13
 898 008f 00       		.byte	0
 899 0090 00       		.byte	0
 900 0091 0E       		.uleb128 0xe
 901 0092 34       		.uleb128 0x34
 902 0093 00       		.byte	0
 903 0094 03       		.uleb128 0x3
 904 0095 0E       		.uleb128 0xe
 905 0096 3A       		.uleb128 0x3a
 906 0097 0B       		.uleb128 0xb
 907 0098 3B       		.uleb128 0x3b
 908 0099 0B       		.uleb128 0xb
 909 009a 49       		.uleb128 0x49
 910 009b 13       		.uleb128 0x13
 911 009c 3F       		.uleb128 0x3f
 912 009d 19       		.uleb128 0x19
ARM GAS  C:\Users\gusta\AppData\Local\Temp\ccRlajPw.s 			page 17


 913 009e 02       		.uleb128 0x2
 914 009f 18       		.uleb128 0x18
 915 00a0 00       		.byte	0
 916 00a1 00       		.byte	0
 917 00a2 0F       		.uleb128 0xf
 918 00a3 34       		.uleb128 0x34
 919 00a4 00       		.byte	0
 920 00a5 03       		.uleb128 0x3
 921 00a6 0E       		.uleb128 0xe
 922 00a7 3A       		.uleb128 0x3a
 923 00a8 0B       		.uleb128 0xb
 924 00a9 3B       		.uleb128 0x3b
 925 00aa 05       		.uleb128 0x5
 926 00ab 49       		.uleb128 0x49
 927 00ac 13       		.uleb128 0x13
 928 00ad 3F       		.uleb128 0x3f
 929 00ae 19       		.uleb128 0x19
 930 00af 02       		.uleb128 0x2
 931 00b0 18       		.uleb128 0x18
 932 00b1 00       		.byte	0
 933 00b2 00       		.byte	0
 934 00b3 00       		.byte	0
 935              		.section	.debug_aranges,"",%progbits
 936 0000 14000000 		.4byte	0x14
 937 0004 0200     		.2byte	0x2
 938 0006 00000000 		.4byte	.Ldebug_info0
 939 000a 04       		.byte	0x4
 940 000b 00       		.byte	0
 941 000c 0000     		.2byte	0
 942 000e 0000     		.2byte	0
 943 0010 00000000 		.4byte	0
 944 0014 00000000 		.4byte	0
 945              		.section	.debug_line,"",%progbits
 946              	.Ldebug_line0:
 947 0000 5D000000 		.section	.debug_str,"MS",%progbits,1
 947      02005700 
 947      00000201 
 947      FB0E0D00 
 947      01010101 
 948              	.LASF28:
 949 0000 55534255 		.ascii	"USBUART_DEVICE0_CONFIGURATION0_INTERFACE_CLASS\000"
 949      4152545F 
 949      44455649 
 949      4345305F 
 949      434F4E46 
 950              	.LASF37:
 951 002f 433A5C55 		.ascii	"C:\\Users\\gusta\\Documents\\PSoC Creator\\HelloWor"
 951      73657273 
 951      5C677573 
 951      74615C44 
 951      6F63756D 
 952 005d 6C645365 		.ascii	"ldSerial\\HelloWorldSerial2021.cydsn\000"
 952      7269616C 
 952      5C48656C 
 952      6C6F576F 
 952      726C6453 
 953              	.LASF33:
ARM GAS  C:\Users\gusta\AppData\Local\Temp\ccRlajPw.s 			page 18


 954 0081 55534255 		.ascii	"USBUART_STRING_DESCRIPTORS\000"
 954      4152545F 
 954      53545249 
 954      4E475F44 
 954      45534352 
 955              	.LASF27:
 956 009c 55534255 		.ascii	"USBUART_DEVICE0_CONFIGURATION0_EP_SETTINGS_TABLE\000"
 956      4152545F 
 956      44455649 
 956      4345305F 
 956      434F4E46 
 957              	.LASF36:
 958 00cd 47656E65 		.ascii	"Generated_Source\\PSoC5\\USBUART_descr.c\000"
 958      72617465 
 958      645F536F 
 958      75726365 
 958      5C50536F 
 959              	.LASF25:
 960 00f4 55534255 		.ascii	"USBUART_DEVICE0_DESCR\000"
 960      4152545F 
 960      44455649 
 960      4345305F 
 960      44455343 
 961              	.LASF11:
 962 010a 666C6F61 		.ascii	"float\000"
 962      7400
 963              	.LASF32:
 964 0110 55534255 		.ascii	"USBUART_SN_STRING_DESCRIPTOR\000"
 964      4152545F 
 964      534E5F53 
 964      5452494E 
 964      475F4445 
 965              	.LASF17:
 966 012d 616C7453 		.ascii	"altSetting\000"
 966      65747469 
 966      6E6700
 967              	.LASF1:
 968 0138 756E7369 		.ascii	"unsigned char\000"
 968      676E6564 
 968      20636861 
 968      7200
 969              	.LASF35:
 970 0146 474E5520 		.ascii	"GNU C11 5.4.1 20160609 (release) [ARM/embedded-5-br"
 970      43313120 
 970      352E342E 
 970      31203230 
 970      31363036 
 971 0179 616E6368 		.ascii	"anch revision 237715] -mcpu=cortex-m3 -mthumb -g -O"
 971      20726576 
 971      6973696F 
 971      6E203233 
 971      37373135 
 972 01ac 67202D66 		.ascii	"g -ffunction-sections -ffat-lto-objects\000"
 972      66756E63 
 972      74696F6E 
 972      2D736563 
 972      74696F6E 
ARM GAS  C:\Users\gusta\AppData\Local\Temp\ccRlajPw.s 			page 19


 973              	.LASF19:
 974 01d4 61747472 		.ascii	"attributes\000"
 974      69627574 
 974      657300
 975              	.LASF22:
 976 01df 545F5553 		.ascii	"T_USBUART_EP_SETTINGS_BLOCK\000"
 976      42554152 
 976      545F4550 
 976      5F534554 
 976      54494E47 
 977              	.LASF5:
 978 01fb 6C6F6E67 		.ascii	"long unsigned int\000"
 978      20756E73 
 978      69676E65 
 978      6420696E 
 978      7400
 979              	.LASF18:
 980 020d 61646472 		.ascii	"addr\000"
 980      00
 981              	.LASF29:
 982 0212 55534255 		.ascii	"USBUART_DEVICE0_CONFIGURATION0_TABLE\000"
 982      4152545F 
 982      44455649 
 982      4345305F 
 982      434F4E46 
 983              	.LASF12:
 984 0237 646F7562 		.ascii	"double\000"
 984      6C6500
 985              	.LASF10:
 986 023e 75696E74 		.ascii	"uint16\000"
 986      313600
 987              	.LASF8:
 988 0245 756E7369 		.ascii	"unsigned int\000"
 988      676E6564 
 988      20696E74 
 988      00
 989              	.LASF24:
 990 0252 545F5553 		.ascii	"T_USBUART_LUT\000"
 990      42554152 
 990      545F4C55 
 990      5400
 991              	.LASF7:
 992 0260 6C6F6E67 		.ascii	"long long unsigned int\000"
 992      206C6F6E 
 992      6720756E 
 992      7369676E 
 992      65642069 
 993              	.LASF26:
 994 0277 55534255 		.ascii	"USBUART_DEVICE0_CONFIGURATION0_DESCR\000"
 994      4152545F 
 994      44455649 
 994      4345305F 
 994      434F4E46 
 995              	.LASF23:
 996 029c 705F6C69 		.ascii	"p_list\000"
 996      737400
 997              	.LASF15:
ARM GAS  C:\Users\gusta\AppData\Local\Temp\ccRlajPw.s 			page 20


 998 02a3 73697A65 		.ascii	"sizetype\000"
 998      74797065 
 998      00
 999              	.LASF6:
 1000 02ac 6C6F6E67 		.ascii	"long long int\000"
 1000      206C6F6E 
 1000      6720696E 
 1000      7400
 1001              	.LASF13:
 1002 02ba 63686172 		.ascii	"char\000"
 1002      00
 1003              	.LASF20:
 1004 02bf 62756666 		.ascii	"bufferSize\000"
 1004      65725369 
 1004      7A6500
 1005              	.LASF31:
 1006 02ca 55534255 		.ascii	"USBUART_TABLE\000"
 1006      4152545F 
 1006      5441424C 
 1006      4500
 1007              	.LASF2:
 1008 02d8 73686F72 		.ascii	"short int\000"
 1008      7420696E 
 1008      7400
 1009              	.LASF9:
 1010 02e2 75696E74 		.ascii	"uint8\000"
 1010      3800
 1011              	.LASF16:
 1012 02e8 696E7465 		.ascii	"interface\000"
 1012      72666163 
 1012      6500
 1013              	.LASF4:
 1014 02f2 6C6F6E67 		.ascii	"long int\000"
 1014      20696E74 
 1014      00
 1015              	.LASF14:
 1016 02fb 6C6F6E67 		.ascii	"long double\000"
 1016      20646F75 
 1016      626C6500 
 1017              	.LASF0:
 1018 0307 7369676E 		.ascii	"signed char\000"
 1018      65642063 
 1018      68617200 
 1019              	.LASF3:
 1020 0313 73686F72 		.ascii	"short unsigned int\000"
 1020      7420756E 
 1020      7369676E 
 1020      65642069 
 1020      6E7400
 1021              	.LASF30:
 1022 0326 55534255 		.ascii	"USBUART_DEVICE0_TABLE\000"
 1022      4152545F 
 1022      44455649 
 1022      4345305F 
 1022      5441424C 
 1023              	.LASF21:
 1024 033c 624D6973 		.ascii	"bMisc\000"
ARM GAS  C:\Users\gusta\AppData\Local\Temp\ccRlajPw.s 			page 21


 1024      6300
 1025              	.LASF34:
 1026 0342 55534255 		.ascii	"USBUART_idSerialNumberStringDescriptor\000"
 1026      4152545F 
 1026      69645365 
 1026      7269616C 
 1026      4E756D62 
 1027              		.ident	"GCC: (GNU Tools for ARM Embedded Processors) 5.4.1 20160609 (release) [ARM/embedded-5-bran
